This file contains any messages produced by compilers while
running configure, to aid debugging if configure makes a mistake.

It was created by OpenEXR configure 1.7.1, which was
generated by GNU Autoconf 2.59.  Invocation command line was

  $ ./configure 

## --------- ##
## Platform. ##
## --------- ##

hostname = sierra.local
uname -m = x86_64
uname -r = 12.3.0
uname -s = Darwin
uname -v = Darwin Kernel Version 12.3.0: Sun Jan  6 22:37:10 PST 2013; root:xnu-2050.22.13~1/RELEASE_X86_64

/usr/bin/uname -p = i386
/bin/uname -X     = unknown

/bin/arch              = unknown
/usr/bin/arch -k       = unknown
/usr/convex/getsysinfo = unknown
hostinfo               = Mach kernel version:
	 Darwin Kernel Version 12.3.0: Sun Jan  6 22:37:10 PST 2013; root:xnu-2050.22.13~1/RELEASE_X86_64
Kernel configured for up to 8 processors.
4 processors are physically available.
8 processors are logically available.
Processor type: i486 (Intel 80486)
Processors active: 0 1 2 3 4 5 6 7
Primary memory available: 16.00 gigabytes
Default processor set: 147 tasks, 828 threads, 8 processors
Load average: 1.97, Mach factor: 6.02
/bin/machine           = unknown
/usr/bin/oslevel       = unknown
/bin/universe          = unknown

PATH: /Library/Frameworks/Python.framework/Versions/2.7/bin
PATH: /Library/Frameworks/Python.framework/Versions/2.7/bin
PATH: /usr/bin
PATH: /bin
PATH: /usr/sbin
PATH: /sbin
PATH: /usr/local/bin
PATH: /opt/X11/bin
PATH: /Applications/Deadline/Resources/bin


## ----------- ##
## Core tests. ##
## ----------- ##

configure:1546: checking build system type
configure:1564: result: x86_64-apple-darwin12.3.0
configure:1572: checking host system type
configure:1586: result: x86_64-apple-darwin12.3.0
configure:1611: checking for a BSD-compatible install
configure:1666: result: /usr/bin/install -c
configure:1677: checking whether build environment is sane
configure:1720: result: yes
configure:1785: checking for gawk
configure:1814: result: no
configure:1785: checking for mawk
configure:1814: result: no
configure:1785: checking for nawk
configure:1814: result: no
configure:1785: checking for awk
configure:1801: found /usr/bin/awk
configure:1811: result: awk
configure:1821: checking whether make sets $(MAKE)
configure:1841: result: yes
configure:2008: checking whether to enable maintainer-specific portions of Makefiles
configure:2017: result: no
configure:2092: checking for g++
configure:2108: found /usr/bin/g++
configure:2118: result: g++
configure:2134: checking for C++ compiler version
configure:2137: g++ --version </dev/null >&5
i686-apple-darwin11-llvm-g++-4.2 (GCC) 4.2.1 (Based on Apple Inc. build 5658) (LLVM build 2336.11.00)
Copyright (C) 2007 Free Software Foundation, Inc.
This is free software; see the source for copying conditions.  There is NO
warranty; not even for MERCHANTABILITY or FITNESS FOR A PARTICULAR PURPOSE.

configure:2140: $? = 0
configure:2142: g++ -v </dev/null >&5
Using built-in specs.
Target: i686-apple-darwin11
Configured with: /private/var/tmp/llvmgcc42/llvmgcc42-2336.11~148/src/configure --disable-checking --enable-werror --prefix=/Applications/Xcode.app/Contents/Developer/usr/llvm-gcc-4.2 --mandir=/share/man --enable-languages=c,objc,c++,obj-c++ --program-prefix=llvm- --program-transform-name=/^[cg][^.-]*$/s/$/-4.2/ --with-slibdir=/usr/lib --build=i686-apple-darwin11 --enable-llvm=/private/var/tmp/llvmgcc42/llvmgcc42-2336.11~148/dst-llvmCore/Developer/usr/local --program-prefix=i686-apple-darwin11- --host=x86_64-apple-darwin11 --target=i686-apple-darwin11 --with-gxx-include-dir=/usr/include/c++/4.2.1
Thread model: posix
gcc version 4.2.1 (Based on Apple Inc. build 5658) (LLVM build 2336.11.00)
configure:2145: $? = 0
configure:2147: g++ -V </dev/null >&5
llvm-g++-4.2: argument to `-V' is missing
configure:2150: $? = 1
configure:2173: checking for C++ compiler default output file name
configure:2176: g++    conftest.cc  >&5
configure:2179: $? = 0
configure:2225: result: a.out
configure:2230: checking whether the C++ compiler works
configure:2236: ./a.out
configure:2239: $? = 0
configure:2256: result: yes
configure:2263: checking whether we are cross compiling
configure:2265: result: no
configure:2268: checking for suffix of executables
configure:2270: g++ -o conftest    conftest.cc  >&5
configure:2273: $? = 0
configure:2298: result: 
configure:2304: checking for suffix of object files
configure:2325: g++ -c   conftest.cc >&5
configure:2328: $? = 0
configure:2350: result: o
configure:2354: checking whether we are using the GNU C++ compiler
configure:2378: g++ -c   conftest.cc >&5
configure:2384: $? = 0
configure:2388: test -z 
			 || test ! -s conftest.err
configure:2391: $? = 0
configure:2394: test -s conftest.o
configure:2397: $? = 0
configure:2410: result: yes
configure:2416: checking whether g++ accepts -g
configure:2437: g++ -c -g  conftest.cc >&5
configure:2443: $? = 0
configure:2447: test -z 
			 || test ! -s conftest.err
configure:2450: $? = 0
configure:2453: test -s conftest.o
configure:2456: $? = 0
configure:2467: result: yes
configure:2509: g++ -c -g -O2  conftest.cc >&5
configure:2515: $? = 0
configure:2519: test -z 
			 || test ! -s conftest.err
configure:2522: $? = 0
configure:2525: test -s conftest.o
configure:2528: $? = 0
configure:2554: g++ -c -g -O2  conftest.cc >&5
conftest.cc: In function 'int main()':
conftest.cc:15: error: 'exit' was not declared in this scope
configure:2560: $? = 1
configure: failed program was:
| /* confdefs.h.  */
| 
| #define PACKAGE_NAME "OpenEXR"
| #define PACKAGE_TARNAME "openexr"
| #define PACKAGE_VERSION "1.7.1"
| #define PACKAGE_STRING "OpenEXR 1.7.1"
| #define PACKAGE_BUGREPORT ""
| #define PACKAGE "openexr"
| #define VERSION "1.7.1"
| /* end confdefs.h.  */
| 
| int
| main ()
| {
| exit (42);
|   ;
|   return 0;
| }
configure:2509: g++ -c -g -O2  conftest.cc >&5
conftest.cc:11: error: 'void std::exit(int)' should have been declared inside 'std'
In file included from conftest.cc:12:
/usr/include/stdlib.h:159: error: declaration of 'void std::exit(int)' throws different exceptions
conftest.cc:11: error: from previous declaration 'void std::exit(int) throw ()'
configure:2515: $? = 1
configure: failed program was:
| /* confdefs.h.  */
| 
| #define PACKAGE_NAME "OpenEXR"
| #define PACKAGE_TARNAME "openexr"
| #define PACKAGE_VERSION "1.7.1"
| #define PACKAGE_STRING "OpenEXR 1.7.1"
| #define PACKAGE_BUGREPORT ""
| #define PACKAGE "openexr"
| #define VERSION "1.7.1"
| /* end confdefs.h.  */
| extern "C" void std::exit (int) throw (); using std::exit;
| #include <stdlib.h>
| int
| main ()
| {
| exit (42);
|   ;
|   return 0;
| }
configure:2509: g++ -c -g -O2  conftest.cc >&5
conftest.cc:11: error: 'void std::exit(int)' should have been declared inside 'std'
configure:2515: $? = 1
configure: failed program was:
| /* confdefs.h.  */
| 
| #define PACKAGE_NAME "OpenEXR"
| #define PACKAGE_TARNAME "openexr"
| #define PACKAGE_VERSION "1.7.1"
| #define PACKAGE_STRING "OpenEXR 1.7.1"
| #define PACKAGE_BUGREPORT ""
| #define PACKAGE "openexr"
| #define VERSION "1.7.1"
| /* end confdefs.h.  */
| extern "C" void std::exit (int); using std::exit;
| #include <stdlib.h>
| int
| main ()
| {
| exit (42);
|   ;
|   return 0;
| }
configure:2509: g++ -c -g -O2  conftest.cc >&5
In file included from conftest.cc:12:
/usr/include/stdlib.h:159: error: declaration of 'void exit(int)' throws different exceptions
conftest.cc:11: error: from previous declaration 'void exit(int) throw ()'
configure:2515: $? = 1
configure: failed program was:
| /* confdefs.h.  */
| 
| #define PACKAGE_NAME "OpenEXR"
| #define PACKAGE_TARNAME "openexr"
| #define PACKAGE_VERSION "1.7.1"
| #define PACKAGE_STRING "OpenEXR 1.7.1"
| #define PACKAGE_BUGREPORT ""
| #define PACKAGE "openexr"
| #define VERSION "1.7.1"
| /* end confdefs.h.  */
| extern "C" void exit (int) throw ();
| #include <stdlib.h>
| int
| main ()
| {
| exit (42);
|   ;
|   return 0;
| }
configure:2509: g++ -c -g -O2  conftest.cc >&5
configure:2515: $? = 0
configure:2519: test -z 
			 || test ! -s conftest.err
configure:2522: $? = 0
configure:2525: test -s conftest.o
configure:2528: $? = 0
configure:2554: g++ -c -g -O2  conftest.cc >&5
configure:2560: $? = 0
configure:2564: test -z 
			 || test ! -s conftest.err
configure:2567: $? = 0
configure:2570: test -s conftest.o
configure:2573: $? = 0
configure:2607: checking for style of include used by make
configure:2635: result: GNU
configure:2663: checking dependency style of g++
configure:2753: result: gcc3
configure:2783: checking for a BSD-compatible install
configure:2838: result: /usr/bin/install -c
configure:2895: checking for gcc
configure:2911: found /usr/bin/gcc
configure:2921: result: gcc
configure:3165: checking for C compiler version
configure:3168: gcc --version </dev/null >&5
i686-apple-darwin11-llvm-gcc-4.2 (GCC) 4.2.1 (Based on Apple Inc. build 5658) (LLVM build 2336.11.00)
Copyright (C) 2007 Free Software Foundation, Inc.
This is free software; see the source for copying conditions.  There is NO
warranty; not even for MERCHANTABILITY or FITNESS FOR A PARTICULAR PURPOSE.

configure:3171: $? = 0
configure:3173: gcc -v </dev/null >&5
Using built-in specs.
Target: i686-apple-darwin11
Configured with: /private/var/tmp/llvmgcc42/llvmgcc42-2336.11~148/src/configure --disable-checking --enable-werror --prefix=/Applications/Xcode.app/Contents/Developer/usr/llvm-gcc-4.2 --mandir=/share/man --enable-languages=c,objc,c++,obj-c++ --program-prefix=llvm- --program-transform-name=/^[cg][^.-]*$/s/$/-4.2/ --with-slibdir=/usr/lib --build=i686-apple-darwin11 --enable-llvm=/private/var/tmp/llvmgcc42/llvmgcc42-2336.11~148/dst-llvmCore/Developer/usr/local --program-prefix=i686-apple-darwin11- --host=x86_64-apple-darwin11 --target=i686-apple-darwin11 --with-gxx-include-dir=/usr/include/c++/4.2.1
Thread model: posix
gcc version 4.2.1 (Based on Apple Inc. build 5658) (LLVM build 2336.11.00)
configure:3176: $? = 0
configure:3178: gcc -V </dev/null >&5
llvm-gcc-4.2: argument to `-V' is missing
configure:3181: $? = 1
configure:3184: checking whether we are using the GNU C compiler
configure:3208: gcc -c   conftest.c >&5
configure:3214: $? = 0
configure:3218: test -z 
			 || test ! -s conftest.err
configure:3221: $? = 0
configure:3224: test -s conftest.o
configure:3227: $? = 0
configure:3240: result: yes
configure:3246: checking whether gcc accepts -g
configure:3267: gcc -c -g  conftest.c >&5
configure:3273: $? = 0
configure:3277: test -z 
			 || test ! -s conftest.err
configure:3280: $? = 0
configure:3283: test -s conftest.o
configure:3286: $? = 0
configure:3297: result: yes
configure:3314: checking for gcc option to accept ANSI C
configure:3384: gcc  -c -g -O2  conftest.c >&5
configure:3390: $? = 0
configure:3394: test -z 
			 || test ! -s conftest.err
configure:3397: $? = 0
configure:3400: test -s conftest.o
configure:3403: $? = 0
configure:3421: result: none needed
configure:3439: gcc -c -g -O2  conftest.c >&5
conftest.c:2: error: expected '=', ',', ';', 'asm' or '__attribute__' before 'me'
configure:3445: $? = 1
configure: failed program was:
| #ifndef __cplusplus
|   choke me
| #endif
configure:3580: checking dependency style of gcc
configure:3670: result: gcc3
configure:3687: checking whether ln -s works
configure:3691: result: yes
configure:3723: checking for a sed that does not truncate output
configure:3779: result: /usr/bin/sed
configure:3795: checking for egrep
configure:3805: result: grep -E
configure:3810: checking for fgrep
configure:3820: result: grep -F
configure:3855: checking for ld used by gcc
configure:3922: result: /usr/llvm-gcc-4.2/libexec/gcc/i686-apple-darwin11/4.2.1/ld
configure:3931: checking if the linker (/usr/llvm-gcc-4.2/libexec/gcc/i686-apple-darwin11/4.2.1/ld) is GNU ld
configure:3946: result: no
configure:3958: checking for BSD- or MS-compatible name lister (nm)
configure:4007: result: /usr/bin/nm
configure:4112: checking the name lister (/usr/bin/nm) interface
configure:4119: gcc -c -g -O2  conftest.c >&5
configure:4122: /usr/bin/nm "conftest.o"
configure:4125: output
00000000000001ec S _some_variable
configure:4132: result: BSD nm
configure:4136: checking the maximum length of command line arguments
configure:4256: result: 196608
configure:4273: checking whether the shell understands some XSI constructs
configure:4283: result: yes
configure:4287: checking whether the shell understands "+="
configure:4293: result: yes
configure:4328: checking for /usr/llvm-gcc-4.2/libexec/gcc/i686-apple-darwin11/4.2.1/ld option to reload object files
configure:4335: result: -r
configure:4402: checking for objdump
configure:4429: result: false
configure:4451: checking how to recognize dependent libraries
configure:4647: result: pass_all
configure:4705: checking for ar
configure:4721: found /usr/bin/ar
configure:4732: result: ar
configure:4798: checking for strip
configure:4814: found /usr/bin/strip
configure:4825: result: strip
configure:4885: checking for ranlib
configure:4901: found /usr/bin/ranlib
configure:4912: result: ranlib
configure:4992: checking command to parse /usr/bin/nm output from gcc object
configure:5110: gcc -c -g -O2  conftest.c >&5
configure:5113: $? = 0
configure:5117: /usr/bin/nm conftest.o \| sed -n -e 's/^.*[	 ]\([BCDEGRST][BCDEGRST]*\)[	 ][	 ]*\([_A-Za-z][_A-Za-z0-9]*\)$/\1 \2 \2/p' \> conftest.nm
configure:5120: $? = 0
cannot find nm_test_var in conftest.nm
configure:5110: gcc -c -g -O2  conftest.c >&5
configure:5113: $? = 0
configure:5117: /usr/bin/nm conftest.o \| sed -n -e 's/^.*[	 ]\([BCDEGRST][BCDEGRST]*\)[	 ][	 ]*_\([_A-Za-z][_A-Za-z0-9]*\)$/\1 _\2 \2/p' \> conftest.nm
configure:5120: $? = 0
configure:5174: gcc -o conftest -g -O2   conftest.c conftstm.o >&5
configure:5177: $? = 0
configure:5215: result: ok
configure:5506: checking for dsymutil
configure:5522: found /usr/bin/dsymutil
configure:5533: result: dsymutil
configure:5586: checking for nmedit
configure:5602: found /usr/bin/nmedit
configure:5613: result: nmedit
configure:5666: checking for lipo
configure:5682: found /usr/bin/lipo
configure:5693: result: lipo
configure:5746: checking for otool
configure:5762: found /usr/bin/otool
configure:5773: result: otool
configure:5826: checking for otool64
configure:5853: result: :
configure:5891: checking for -single_module linker flag
gcc -g -O2  -o libconftest.dylib -dynamiclib -Wl,-single_module conftest.c
configure:5918: result: yes
configure:5920: checking for -exported_symbols_list linker flag
configure:5945: gcc -o conftest -g -O2   -Wl,-exported_symbols_list,conftest.sym conftest.c  >&5
configure:5951: $? = 0
configure:5955: test -z 
			 || test ! -s conftest.err
configure:5958: $? = 0
configure:5961: test -s conftest
configure:5964: $? = 0
configure:5978: result: yes
configure:6020: checking how to run the C preprocessor
configure:6055: gcc -E  conftest.c
configure:6061: $? = 0
configure:6093: gcc -E  conftest.c
conftest.c:14:28: error: ac_nonexistent.h: No such file or directory
configure:6099: $? = 1
configure: failed program was:
| /* confdefs.h.  */
| 
| #define PACKAGE_NAME "OpenEXR"
| #define PACKAGE_TARNAME "openexr"
| #define PACKAGE_VERSION "1.7.1"
| #define PACKAGE_STRING "OpenEXR 1.7.1"
| #define PACKAGE_BUGREPORT ""
| #define PACKAGE "openexr"
| #define VERSION "1.7.1"
| #ifdef __cplusplus
| extern "C" void exit (int);
| #endif
| /* end confdefs.h.  */
| #include <ac_nonexistent.h>
configure:6138: result: gcc -E
configure:6162: gcc -E  conftest.c
configure:6168: $? = 0
configure:6200: gcc -E  conftest.c
conftest.c:14:28: error: ac_nonexistent.h: No such file or directory
configure:6206: $? = 1
configure: failed program was:
| /* confdefs.h.  */
| 
| #define PACKAGE_NAME "OpenEXR"
| #define PACKAGE_TARNAME "openexr"
| #define PACKAGE_VERSION "1.7.1"
| #define PACKAGE_STRING "OpenEXR 1.7.1"
| #define PACKAGE_BUGREPORT ""
| #define PACKAGE "openexr"
| #define VERSION "1.7.1"
| #ifdef __cplusplus
| extern "C" void exit (int);
| #endif
| /* end confdefs.h.  */
| #include <ac_nonexistent.h>
configure:6250: checking for ANSI C header files
configure:6275: gcc -c -g -O2  conftest.c >&5
configure:6281: $? = 0
configure:6285: test -z 
			 || test ! -s conftest.err
configure:6288: $? = 0
configure:6291: test -s conftest.o
configure:6294: $? = 0
configure:6383: gcc -o conftest -g -O2   conftest.c  >&5
conftest.c: In function 'main':
conftest.c:31: warning: incompatible implicit declaration of built-in function 'exit'
configure:6386: $? = 0
configure:6388: ./conftest
configure:6391: $? = 0
configure:6406: result: yes
configure:6430: checking for sys/types.h
configure:6446: gcc -c -g -O2  conftest.c >&5
configure:6452: $? = 0
configure:6456: test -z 
			 || test ! -s conftest.err
configure:6459: $? = 0
configure:6462: test -s conftest.o
configure:6465: $? = 0
configure:6476: result: yes
configure:6430: checking for sys/stat.h
configure:6446: gcc -c -g -O2  conftest.c >&5
configure:6452: $? = 0
configure:6456: test -z 
			 || test ! -s conftest.err
configure:6459: $? = 0
configure:6462: test -s conftest.o
configure:6465: $? = 0
configure:6476: result: yes
configure:6430: checking for stdlib.h
configure:6446: gcc -c -g -O2  conftest.c >&5
configure:6452: $? = 0
configure:6456: test -z 
			 || test ! -s conftest.err
configure:6459: $? = 0
configure:6462: test -s conftest.o
configure:6465: $? = 0
configure:6476: result: yes
configure:6430: checking for string.h
configure:6446: gcc -c -g -O2  conftest.c >&5
configure:6452: $? = 0
configure:6456: test -z 
			 || test ! -s conftest.err
configure:6459: $? = 0
configure:6462: test -s conftest.o
configure:6465: $? = 0
configure:6476: result: yes
configure:6430: checking for memory.h
configure:6446: gcc -c -g -O2  conftest.c >&5
configure:6452: $? = 0
configure:6456: test -z 
			 || test ! -s conftest.err
configure:6459: $? = 0
configure:6462: test -s conftest.o
configure:6465: $? = 0
configure:6476: result: yes
configure:6430: checking for strings.h
configure:6446: gcc -c -g -O2  conftest.c >&5
configure:6452: $? = 0
configure:6456: test -z 
			 || test ! -s conftest.err
configure:6459: $? = 0
configure:6462: test -s conftest.o
configure:6465: $? = 0
configure:6476: result: yes
configure:6430: checking for inttypes.h
configure:6446: gcc -c -g -O2  conftest.c >&5
configure:6452: $? = 0
configure:6456: test -z 
			 || test ! -s conftest.err
configure:6459: $? = 0
configure:6462: test -s conftest.o
configure:6465: $? = 0
configure:6476: result: yes
configure:6430: checking for stdint.h
configure:6446: gcc -c -g -O2  conftest.c >&5
configure:6452: $? = 0
configure:6456: test -z 
			 || test ! -s conftest.err
configure:6459: $? = 0
configure:6462: test -s conftest.o
configure:6465: $? = 0
configure:6476: result: yes
configure:6430: checking for unistd.h
configure:6446: gcc -c -g -O2  conftest.c >&5
configure:6452: $? = 0
configure:6456: test -z 
			 || test ! -s conftest.err
configure:6459: $? = 0
configure:6462: test -s conftest.o
configure:6465: $? = 0
configure:6476: result: yes
configure:6492: checking for dlfcn.h
configure:6508: gcc -c -g -O2  conftest.c >&5
configure:6514: $? = 0
configure:6518: test -z 
			 || test ! -s conftest.err
configure:6521: $? = 0
configure:6524: test -s conftest.o
configure:6527: $? = 0
configure:6538: result: yes
configure:6645: checking for C++ compiler version
configure:6648: g++ --version </dev/null >&5
i686-apple-darwin11-llvm-g++-4.2 (GCC) 4.2.1 (Based on Apple Inc. build 5658) (LLVM build 2336.11.00)
Copyright (C) 2007 Free Software Foundation, Inc.
This is free software; see the source for copying conditions.  There is NO
warranty; not even for MERCHANTABILITY or FITNESS FOR A PARTICULAR PURPOSE.

configure:6651: $? = 0
configure:6653: g++ -v </dev/null >&5
Using built-in specs.
Target: i686-apple-darwin11
Configured with: /private/var/tmp/llvmgcc42/llvmgcc42-2336.11~148/src/configure --disable-checking --enable-werror --prefix=/Applications/Xcode.app/Contents/Developer/usr/llvm-gcc-4.2 --mandir=/share/man --enable-languages=c,objc,c++,obj-c++ --program-prefix=llvm- --program-transform-name=/^[cg][^.-]*$/s/$/-4.2/ --with-slibdir=/usr/lib --build=i686-apple-darwin11 --enable-llvm=/private/var/tmp/llvmgcc42/llvmgcc42-2336.11~148/dst-llvmCore/Developer/usr/local --program-prefix=i686-apple-darwin11- --host=x86_64-apple-darwin11 --target=i686-apple-darwin11 --with-gxx-include-dir=/usr/include/c++/4.2.1
Thread model: posix
gcc version 4.2.1 (Based on Apple Inc. build 5658) (LLVM build 2336.11.00)
configure:6656: $? = 0
configure:6658: g++ -V </dev/null >&5
llvm-g++-4.2: argument to `-V' is missing
configure:6661: $? = 1
configure:6664: checking whether we are using the GNU C++ compiler
configure:6720: result: yes
configure:6726: checking whether g++ accepts -g
configure:6777: result: yes
configure:6819: g++ -c -g -O2  conftest.cc >&5
configure:6825: $? = 0
configure:6829: test -z 
			 || test ! -s conftest.err
configure:6832: $? = 0
configure:6835: test -s conftest.o
configure:6838: $? = 0
configure:6864: g++ -c -g -O2  conftest.cc >&5
configure:6870: $? = 0
configure:6874: test -z 
			 || test ! -s conftest.err
configure:6877: $? = 0
configure:6880: test -s conftest.o
configure:6883: $? = 0
configure:6908: checking dependency style of g++
configure:6998: result: gcc3
configure:7023: checking how to run the C++ preprocessor
configure:7054: g++ -E  conftest.cc
configure:7060: $? = 0
configure:7092: g++ -E  conftest.cc
conftest.cc:25:28: error: ac_nonexistent.h: No such file or directory
configure:7098: $? = 1
configure: failed program was:
| /* confdefs.h.  */
| 
| #define PACKAGE_NAME "OpenEXR"
| #define PACKAGE_TARNAME "openexr"
| #define PACKAGE_VERSION "1.7.1"
| #define PACKAGE_STRING "OpenEXR 1.7.1"
| #define PACKAGE_BUGREPORT ""
| #define PACKAGE "openexr"
| #define VERSION "1.7.1"
| #ifdef __cplusplus
| extern "C" void exit (int);
| #endif
| #define STDC_HEADERS 1
| #define HAVE_SYS_TYPES_H 1
| #define HAVE_SYS_STAT_H 1
| #define HAVE_STDLIB_H 1
| #define HAVE_STRING_H 1
| #define HAVE_MEMORY_H 1
| #define HAVE_STRINGS_H 1
| #define HAVE_INTTYPES_H 1
| #define HAVE_STDINT_H 1
| #define HAVE_UNISTD_H 1
| #define HAVE_DLFCN_H 1
| /* end confdefs.h.  */
| #include <ac_nonexistent.h>
configure:7137: result: g++ -E
configure:7161: g++ -E  conftest.cc
configure:7167: $? = 0
configure:7199: g++ -E  conftest.cc
conftest.cc:25:28: error: ac_nonexistent.h: No such file or directory
configure:7205: $? = 1
configure: failed program was:
| /* confdefs.h.  */
| 
| #define PACKAGE_NAME "OpenEXR"
| #define PACKAGE_TARNAME "openexr"
| #define PACKAGE_VERSION "1.7.1"
| #define PACKAGE_STRING "OpenEXR 1.7.1"
| #define PACKAGE_BUGREPORT ""
| #define PACKAGE "openexr"
| #define VERSION "1.7.1"
| #ifdef __cplusplus
| extern "C" void exit (int);
| #endif
| #define STDC_HEADERS 1
| #define HAVE_SYS_TYPES_H 1
| #define HAVE_SYS_STAT_H 1
| #define HAVE_STDLIB_H 1
| #define HAVE_STRING_H 1
| #define HAVE_MEMORY_H 1
| #define HAVE_STRINGS_H 1
| #define HAVE_INTTYPES_H 1
| #define HAVE_STDINT_H 1
| #define HAVE_UNISTD_H 1
| #define HAVE_DLFCN_H 1
| /* end confdefs.h.  */
| #include <ac_nonexistent.h>
configure:7423: checking for objdir
configure:7438: result: .libs
configure:7734: checking if gcc supports -fno-rtti -fno-exceptions
configure:7752: gcc -c -g -O2  -fno-rtti -fno-exceptions conftest.c >&5
cc1: warning: command line option "-fno-rtti" is valid for C++/ObjC++ but not for C
configure:7756: $? = 0
configure:7769: result: no
configure:7789: checking for gcc option to produce PIC
configure:8061: result: -fno-common -DPIC
configure:8073: checking if gcc PIC flag -fno-common -DPIC works
configure:8091: gcc -c -g -O2  -fno-common -DPIC -DPIC conftest.c >&5
configure:8095: $? = 0
configure:8108: result: yes
configure:8132: checking if gcc static flag -static works
configure:8160: result: no
configure:8175: checking if gcc supports -c -o file.o
configure:8196: gcc -c -g -O2  -o out/conftest2.o conftest.c >&5
configure:8200: $? = 0
configure:8222: result: yes
configure:8230: checking if gcc supports -c -o file.o
configure:8277: result: yes
configure:8310: checking whether the gcc linker (/usr/llvm-gcc-4.2/libexec/gcc/i686-apple-darwin11/4.2.1/ld) supports shared libraries
configure:9378: result: yes
configure:9617: checking dynamic linker characteristics
configure:10301: result: darwin12.3.0 dyld
configure:10403: checking how to hardcode library paths into programs
configure:10428: result: immediate
configure:11266: checking whether stripping libraries is possible
configure:11280: result: yes
configure:11306: checking if libtool supports shared libraries
configure:11308: result: yes
configure:11311: checking whether to build shared libraries
configure:11332: result: yes
configure:11335: checking whether to build static libraries
configure:11339: result: yes
configure:11489: checking for ld used by g++
configure:11556: result: /usr/llvm-gcc-4.2/libexec/gcc/i686-apple-darwin11/4.2.1/ld
configure:11565: checking if the linker (/usr/llvm-gcc-4.2/libexec/gcc/i686-apple-darwin11/4.2.1/ld) is GNU ld
configure:11580: result: no
configure:11635: checking whether the g++ linker (/usr/llvm-gcc-4.2/libexec/gcc/i686-apple-darwin11/4.2.1/ld) supports shared libraries
configure:12606: result: yes
configure:12634: g++ -c -g -O2  conftest.cpp >&5
configure:12637: $? = 0
configure:12819: checking for g++ option to produce PIC
configure:13136: result: -fno-common -DPIC
configure:13145: checking if g++ PIC flag -fno-common -DPIC works
configure:13163: g++ -c -g -O2  -fno-common -DPIC -DPIC conftest.cpp >&5
configure:13167: $? = 0
configure:13180: result: yes
configure:13201: checking if g++ static flag -static works
configure:13229: result: no
configure:13241: checking if g++ supports -c -o file.o
configure:13262: g++ -c -g -O2  -o out/conftest2.o conftest.cpp >&5
configure:13266: $? = 0
configure:13288: result: yes
configure:13293: checking if g++ supports -c -o file.o
configure:13340: result: yes
configure:13370: checking whether the g++ linker (/usr/llvm-gcc-4.2/libexec/gcc/i686-apple-darwin11/4.2.1/ld) supports shared libraries
configure:13396: result: yes
configure:13533: checking dynamic linker characteristics
configure:14165: result: darwin12.3.0 dyld
configure:14216: checking how to hardcode library paths into programs
configure:14241: result: immediate
configure:14299: checking whether make sets $(MAKE)
configure:14319: result: yes
configure:14379: checking for pkg-config
configure:14410: result: no
configure:14694: checking for the pthreads library -lpthreads
configure:14732: gcc -o conftest -g -O2    conftest.c -lpthreads  >&5
ld: library not found for -lpthreads
collect2: ld returned 1 exit status
configure:14738: $? = 1
configure: failed program was:
| /* confdefs.h.  */
| 
| #define PACKAGE_NAME "OpenEXR"
| #define PACKAGE_TARNAME "openexr"
| #define PACKAGE_VERSION "1.7.1"
| #define PACKAGE_STRING "OpenEXR 1.7.1"
| #define PACKAGE_BUGREPORT ""
| #define PACKAGE "openexr"
| #define VERSION "1.7.1"
| #ifdef __cplusplus
| extern "C" void exit (int);
| #endif
| #define STDC_HEADERS 1
| #define HAVE_SYS_TYPES_H 1
| #define HAVE_SYS_STAT_H 1
| #define HAVE_STDLIB_H 1
| #define HAVE_STRING_H 1
| #define HAVE_MEMORY_H 1
| #define HAVE_STRINGS_H 1
| #define HAVE_INTTYPES_H 1
| #define HAVE_STDINT_H 1
| #define HAVE_UNISTD_H 1
| #define HAVE_DLFCN_H 1
| #define LT_OBJDIR ".libs/"
| #define OPENEXR_VERSION_STRING "1.7.1"
| #define OPENEXR_PACKAGE_STRING "OpenEXR 1.7.1"
| /* end confdefs.h.  */
| #include <pthread.h>
| int
| main ()
| {
| pthread_t th; pthread_join(th, 0);
|                      pthread_attr_init(0); pthread_cleanup_push(0, 0);
|                      pthread_create(0,0,0,0); pthread_cleanup_pop(0);
|   ;
|   return 0;
| }
configure:14765: result: no
configure:14640: checking whether pthreads work without any flags
configure:14732: gcc -o conftest -g -O2    conftest.c   >&5
configure:14738: $? = 0
configure:14742: test -z 
			 || test ! -s conftest.err
configure:14745: $? = 0
configure:14748: test -s conftest
configure:14751: $? = 0
configure:14765: result: yes
configure:14784: checking for joinable pthread attribute
configure:14804: gcc -o conftest -g -O2    conftest.c   >&5
configure:14810: $? = 0
configure:14814: test -z 
			 || test ! -s conftest.err
configure:14817: $? = 0
configure:14820: test -s conftest
configure:14823: $? = 0
configure:14834: result: PTHREAD_CREATE_JOINABLE
configure:14844: checking if more special flags are required for pthreads
configure:14851: result: -D_THREAD_SAFE
configure:14863: checking for cc_r
configure:14890: result: gcc
configure:14939: checking semaphore.h usability
configure:14951: gcc -c -g -O2  conftest.c >&5
configure:14957: $? = 0
configure:14961: test -z 
			 || test ! -s conftest.err
configure:14964: $? = 0
configure:14967: test -s conftest.o
configure:14970: $? = 0
configure:14980: result: yes
configure:14984: checking semaphore.h presence
configure:14994: gcc -E  conftest.c
configure:15000: $? = 0
configure:15020: result: yes
configure:15055: checking for semaphore.h
configure:15062: result: yes
configure:15071: checking for library containing sem_init
configure:15101: gcc -o conftest -g -O2   conftest.c  >&5
configure:15107: $? = 0
configure:15111: test -z 
			 || test ! -s conftest.err
configure:15114: $? = 0
configure:15117: test -s conftest
configure:15120: $? = 0
configure:15190: result: none required
configure:15195: checking whether to use POSIX unnamed semaphores
configure:15232: gcc -o conftest -g -O2   conftest.c  >&5
configure:15235: $? = 0
configure:15237: ./conftest
configure:15240: $? = 1
configure: program exited with status 1
configure: failed program was:
| 
| 		/* confdefs.h.  */
| 
| #define PACKAGE_NAME "OpenEXR"
| #define PACKAGE_TARNAME "openexr"
| #define PACKAGE_VERSION "1.7.1"
| #define PACKAGE_STRING "OpenEXR 1.7.1"
| #define PACKAGE_BUGREPORT ""
| #define PACKAGE "openexr"
| #define VERSION "1.7.1"
| #ifdef __cplusplus
| extern "C" void exit (int);
| #endif
| #define STDC_HEADERS 1
| #define HAVE_SYS_TYPES_H 1
| #define HAVE_SYS_STAT_H 1
| #define HAVE_STDLIB_H 1
| #define HAVE_STRING_H 1
| #define HAVE_MEMORY_H 1
| #define HAVE_STRINGS_H 1
| #define HAVE_INTTYPES_H 1
| #define HAVE_STDINT_H 1
| #define HAVE_UNISTD_H 1
| #define HAVE_DLFCN_H 1
| #define LT_OBJDIR ".libs/"
| #define OPENEXR_VERSION_STRING "1.7.1"
| #define OPENEXR_PACKAGE_STRING "OpenEXR 1.7.1"
| #define HAVE_PTHREAD 1
| #define HAVE_SEMAPHORE_H 1
| /* end confdefs.h.  */
| #include <semaphore.h>
| int
| main ()
| {
| 
| 		    sem_t mysem;
| 		    if (sem_init (&mysem, 1, 1) == 0)
| 		    {
| 			if (sem_wait (&mysem) == 0)
| 			{
| 			    sem_post (&mysem);
| 			    sem_destroy (&mysem);
| 			    return 0;
| 			}
| 		    }
| 		    return 1;
| 
|   ;
|   return 0;
| }
| 
configure:15253: result: no (pshared not usable)
configure:15296: multithread true, LIBS = , CC = gcc, CXXFLAGS = -g -O2
configure:15352: checking for IlmBase
configure:15393: g++ -o conftest -g -O2  -I/usr/local/include/OpenEXR -D_THREAD_SAFE     -L/usr/local/lib conftest.cc   -lImath -lHalf -lIex -lIlmThread -lpthread >&5
conftest.cc:32:22: error: ImathFun.h: No such file or directory
conftest.cc: In function 'int main()':
conftest.cc:37: error: 'Imath' has not been declared
configure:15396: $? = 1
configure: program exited with status 1
configure: failed program was:
| /* confdefs.h.  */
| 
| #define PACKAGE_NAME "OpenEXR"
| #define PACKAGE_TARNAME "openexr"
| #define PACKAGE_VERSION "1.7.1"
| #define PACKAGE_STRING "OpenEXR 1.7.1"
| #define PACKAGE_BUGREPORT ""
| #define PACKAGE "openexr"
| #define VERSION "1.7.1"
| #ifdef __cplusplus
| extern "C" void exit (int);
| #endif
| #define STDC_HEADERS 1
| #define HAVE_SYS_TYPES_H 1
| #define HAVE_SYS_STAT_H 1
| #define HAVE_STDLIB_H 1
| #define HAVE_STRING_H 1
| #define HAVE_MEMORY_H 1
| #define HAVE_STRINGS_H 1
| #define HAVE_INTTYPES_H 1
| #define HAVE_STDINT_H 1
| #define HAVE_UNISTD_H 1
| #define HAVE_DLFCN_H 1
| #define LT_OBJDIR ".libs/"
| #define OPENEXR_VERSION_STRING "1.7.1"
| #define OPENEXR_PACKAGE_STRING "OpenEXR 1.7.1"
| #define HAVE_PTHREAD 1
| #define HAVE_SEMAPHORE_H 1
| /* end confdefs.h.  */
| 
| #include <stdlib.h>
| #include <ImathFun.h>
| 
| int
| main ()
| {
| double d = Imath::succd(.23); d+= .2;; system("touch conf.testprogram");
|   ;
|   return 0;
| }
configure:15421: result: no
configure:15448: g++ -c -g -O2  -I/usr/local/include/OpenEXR -D_THREAD_SAFE   conftest.cc >&5
conftest.cc:32:22: error: ImathFun.h: No such file or directory
conftest.cc: In function 'int main()':
conftest.cc:37: error: 'Imath' has not been declared
configure:15454: $? = 1
configure: failed program was:
| /* confdefs.h.  */
| 
| #define PACKAGE_NAME "OpenEXR"
| #define PACKAGE_TARNAME "openexr"
| #define PACKAGE_VERSION "1.7.1"
| #define PACKAGE_STRING "OpenEXR 1.7.1"
| #define PACKAGE_BUGREPORT ""
| #define PACKAGE "openexr"
| #define VERSION "1.7.1"
| #ifdef __cplusplus
| extern "C" void exit (int);
| #endif
| #define STDC_HEADERS 1
| #define HAVE_SYS_TYPES_H 1
| #define HAVE_SYS_STAT_H 1
| #define HAVE_STDLIB_H 1
| #define HAVE_STRING_H 1
| #define HAVE_MEMORY_H 1
| #define HAVE_STRINGS_H 1
| #define HAVE_INTTYPES_H 1
| #define HAVE_STDINT_H 1
| #define HAVE_UNISTD_H 1
| #define HAVE_DLFCN_H 1
| #define LT_OBJDIR ".libs/"
| #define OPENEXR_VERSION_STRING "1.7.1"
| #define OPENEXR_PACKAGE_STRING "OpenEXR 1.7.1"
| #define HAVE_PTHREAD 1
| #define HAVE_SEMAPHORE_H 1
| /* end confdefs.h.  */
| 
| #include <stdlib.h>
| #include <ImathFun.h>
| 
| int
| main ()
| {
| double d = Imath::succd(.23); d+= .2; ;
|   ;
|   return 0;
| }
configure:15562: error: Could not compile IlmBase test program.

## ---------------- ##
## Cache variables. ##
## ---------------- ##

ac_cv_build=x86_64-apple-darwin12.3.0
ac_cv_build_alias=x86_64-apple-darwin12.3.0
ac_cv_c_compiler_gnu=yes
ac_cv_cxx_compiler_gnu=yes
ac_cv_env_CC_set=
ac_cv_env_CC_value=
ac_cv_env_CFLAGS_set=
ac_cv_env_CFLAGS_value=
ac_cv_env_CPPFLAGS_set=
ac_cv_env_CPPFLAGS_value=
ac_cv_env_CPP_set=
ac_cv_env_CPP_value=
ac_cv_env_CXXCPP_set=
ac_cv_env_CXXCPP_value=
ac_cv_env_CXXFLAGS_set=
ac_cv_env_CXXFLAGS_value=
ac_cv_env_CXX_set=
ac_cv_env_CXX_value=
ac_cv_env_LDFLAGS_set=
ac_cv_env_LDFLAGS_value=
ac_cv_env_PKG_CONFIG_set=
ac_cv_env_PKG_CONFIG_value=
ac_cv_env_build_alias_set=
ac_cv_env_build_alias_value=
ac_cv_env_host_alias_set=
ac_cv_env_host_alias_value=
ac_cv_env_target_alias_set=
ac_cv_env_target_alias_value=
ac_cv_exeext=
ac_cv_header_dlfcn_h=yes
ac_cv_header_inttypes_h=yes
ac_cv_header_memory_h=yes
ac_cv_header_semaphore_h=yes
ac_cv_header_stdc=yes
ac_cv_header_stdint_h=yes
ac_cv_header_stdlib_h=yes
ac_cv_header_string_h=yes
ac_cv_header_strings_h=yes
ac_cv_header_sys_stat_h=yes
ac_cv_header_sys_types_h=yes
ac_cv_header_unistd_h=yes
ac_cv_host=x86_64-apple-darwin12.3.0
ac_cv_host_alias=x86_64-apple-darwin12.3.0
ac_cv_objext=o
ac_cv_path_PKG_CONFIG=no
ac_cv_path_install='/usr/bin/install -c'
ac_cv_prog_AWK=awk
ac_cv_prog_CPP='gcc -E'
ac_cv_prog_CXXCPP='g++ -E'
ac_cv_prog_PTHREAD_CC=gcc
ac_cv_prog_ac_ct_AR=ar
ac_cv_prog_ac_ct_CC=gcc
ac_cv_prog_ac_ct_CXX=g++
ac_cv_prog_ac_ct_DSYMUTIL=dsymutil
ac_cv_prog_ac_ct_LIPO=lipo
ac_cv_prog_ac_ct_NMEDIT=nmedit
ac_cv_prog_ac_ct_OBJDUMP=false
ac_cv_prog_ac_ct_OTOOL=otool
ac_cv_prog_ac_ct_OTOOL64=:
ac_cv_prog_ac_ct_RANLIB=ranlib
ac_cv_prog_ac_ct_STRIP=strip
ac_cv_prog_cc_g=yes
ac_cv_prog_cc_stdc=
ac_cv_prog_cxx_g=yes
ac_cv_prog_egrep='grep -E'
ac_cv_prog_fgrep='grep -F'
ac_cv_prog_make_make_set=yes
ac_cv_search_sem_init='none required'
am_cv_CC_dependencies_compiler_type=gcc3
am_cv_CXX_dependencies_compiler_type=gcc3
lt_cv_apple_cc_single_mod=yes
lt_cv_deplibs_check_method=pass_all
lt_cv_file_magic_cmd='$MAGIC_CMD'
lt_cv_file_magic_test_file=
lt_cv_ld_exported_symbols_list=yes
lt_cv_ld_reload_flag=-r
lt_cv_nm_interface='BSD nm'
lt_cv_objdir=.libs
lt_cv_path_LD=/usr/llvm-gcc-4.2/libexec/gcc/i686-apple-darwin11/4.2.1/ld
lt_cv_path_LDCXX=/usr/llvm-gcc-4.2/libexec/gcc/i686-apple-darwin11/4.2.1/ld
lt_cv_path_NM=/usr/bin/nm
lt_cv_path_SED=/usr/bin/sed
lt_cv_prog_compiler_c_o=yes
lt_cv_prog_compiler_c_o_CXX=yes
lt_cv_prog_compiler_pic_works=yes
lt_cv_prog_compiler_pic_works_CXX=yes
lt_cv_prog_compiler_rtti_exceptions=no
lt_cv_prog_compiler_static_works=no
lt_cv_prog_compiler_static_works_CXX=no
lt_cv_prog_gnu_ld=no
lt_cv_prog_gnu_ldcxx=no
lt_cv_sys_global_symbol_pipe='sed -n -e '\''s/^.*[	 ]\([BCDEGRST][BCDEGRST]*\)[	 ][	 ]*_\([_A-Za-z][_A-Za-z0-9]*\)$/\1 _\2 \2/p'\'''
lt_cv_sys_global_symbol_to_c_name_address='sed -n -e '\''s/^: \([^ ]*\) $/  {\"\1\", (void *) 0},/p'\'' -e '\''s/^[BCDEGRST]* \([^ ]*\) \([^ ]*\)$/  {"\2", (void *) \&\2},/p'\'''
lt_cv_sys_global_symbol_to_c_name_address_lib_prefix='sed -n -e '\''s/^: \([^ ]*\) $/  {\"\1\", (void *) 0},/p'\'' -e '\''s/^[BCDEGRST]* \([^ ]*\) \(lib[^ ]*\)$/  {"\2", (void *) \&\2},/p'\'' -e '\''s/^[BCDEGRST]* \([^ ]*\) \([^ ]*\)$/  {"lib\2", (void *) \&\2},/p'\'''
lt_cv_sys_global_symbol_to_cdecl='sed -n -e '\''s/^T .* \(.*\)$/extern int \1();/p'\'' -e '\''s/^[BCDEGRST]* .* \(.*\)$/extern char \1;/p'\'''
lt_cv_sys_max_cmd_len=196608

## ----------------- ##
## Output variables. ##
## ----------------- ##

ACLOCAL='${SHELL} /Users/phil/Documents/development/houdini/hot-master/3rdparty/src/openexr-1.7.1/missing --run aclocal-1.9'
AMDEPBACKSLASH='\'
AMDEP_FALSE='#'
AMDEP_TRUE=''
AMTAR='${SHELL} /Users/phil/Documents/development/houdini/hot-master/3rdparty/src/openexr-1.7.1/missing --run tar'
AM_CFLAGS=''
AM_CXXFLAGS=''
AR='ar'
AUTOCONF='${SHELL} /Users/phil/Documents/development/houdini/hot-master/3rdparty/src/openexr-1.7.1/missing --run autoconf'
AUTOHEADER='${SHELL} /Users/phil/Documents/development/houdini/hot-master/3rdparty/src/openexr-1.7.1/missing --run autoheader'
AUTOMAKE='${SHELL} /Users/phil/Documents/development/houdini/hot-master/3rdparty/src/openexr-1.7.1/missing --run automake-1.9'
AWK='awk'
BUILD_IMFEXAMPLES_FALSE=''
BUILD_IMFEXAMPLES_TRUE=''
BUILD_IMFFUZZTEST_FALSE=''
BUILD_IMFFUZZTEST_TRUE=''
CC='gcc'
CCDEPMODE='depmode=gcc3'
CFLAGS='-g -O2'
CPP='gcc -E'
CPPFLAGS=''
CXX='g++'
CXXCPP='g++ -E'
CXXDEPMODE='depmode=gcc3'
CXXFLAGS='-g -O2  -I/usr/local/include/OpenEXR -D_THREAD_SAFE '
CYGPATH_W='echo'
DEFS=''
DEPDIR='.deps'
DSYMUTIL='dsymutil'
DUMPBIN=''
ECHO_C='ECHO_N=''
ECHO_T=''
EGREP='grep -E'
EXEEXT=''
FGREP='grep -F'
GREP='grep'
ILMBASE_CXXFLAGS=' -I/usr/local/include/OpenEXR -D_THREAD_SAFE '
ILMBASE_LDFLAGS=' -L/usr/local/lib'
ILMBASE_LIBS=' -lImath -lHalf -lIex -lIlmThread -lpthread'
INSTALL_DATA='${INSTALL} -m 644'
INSTALL_PROGRAM='${INSTALL}'
INSTALL_SCRIPT='${INSTALL}'
INSTALL_STRIP_PROGRAM='${SHELL} $(install_sh) -c -s'
LD='/usr/llvm-gcc-4.2/libexec/gcc/i686-apple-darwin11/4.2.1/ld'
LDFLAGS='  -L/usr/local/lib'
LIBOBJS=''
LIBS='  -lImath -lHalf -lIex -lIlmThread -lpthread'
LIBTOOL='$(SHELL) $(top_builddir)/libtool'
LIBTOOL_VERSION='7:0:0'
LIPO='lipo'
LN_S='ln -s'
LTLIBOBJS=''
MAINT='#'
MAINTAINER_MODE_FALSE=''
MAINTAINER_MODE_TRUE='#'
MAKEINFO='${SHELL} /Users/phil/Documents/development/houdini/hot-master/3rdparty/src/openexr-1.7.1/missing --run makeinfo'
NM='/usr/bin/nm'
NMEDIT='nmedit'
OBJDUMP='false'
OBJEXT='o'
OPENEXR_VERSION='1.7.1'
OTOOL64=':'
OTOOL='otool'
PACKAGE='openexr'
PACKAGE_BUGREPORT=''
PACKAGE_NAME='OpenEXR'
PACKAGE_STRING='OpenEXR 1.7.1'
PACKAGE_TARNAME='openexr'
PACKAGE_VERSION='1.7.1'
PATH_SEPARATOR=':'
PKG_CONFIG='no'
PTHREAD_CC='gcc'
PTHREAD_CFLAGS='-D_THREAD_SAFE '
PTHREAD_LIBS=''
RANLIB='ranlib'
SED='/usr/bin/sed'
SET_MAKE=''
SHELL='/bin/sh'
STRIP='strip'
VERSION='1.7.1'
ac_ct_AR='ar'
ac_ct_CC='gcc'
ac_ct_CXX='g++'
ac_ct_DSYMUTIL='dsymutil'
ac_ct_DUMPBIN=''
ac_ct_LIPO='lipo'
ac_ct_NMEDIT='nmedit'
ac_ct_OBJDUMP='false'
ac_ct_OTOOL64=':'
ac_ct_OTOOL='otool'
ac_ct_RANLIB='ranlib'
ac_ct_STRIP='strip'
acx_pthread_config=''
am__fastdepCC_FALSE='#'
am__fastdepCC_TRUE=''
am__fastdepCXX_FALSE='#'
am__fastdepCXX_TRUE=''
am__include='include'
am__leading_dot='.'
am__quote=''
am__tar='${AMTAR} chof - "$$tardir"'
am__untar='${AMTAR} xf -'
bindir='${exec_prefix}/bin'
build='x86_64-apple-darwin12.3.0'
build_alias=''
build_cpu='x86_64'
build_os='darwin12.3.0'
build_vendor='apple'
datadir='${prefix}/share'
exec_prefix='NONE'
host='x86_64-apple-darwin12.3.0'
host_alias=''
host_cpu='x86_64'
host_os='darwin12.3.0'
host_vendor='apple'
includedir='${prefix}/include'
infodir='${prefix}/info'
install_sh='/Users/phil/Documents/development/houdini/hot-master/3rdparty/src/openexr-1.7.1/install-sh'
libdir='${exec_prefix}/lib'
libexecdir='${exec_prefix}/libexec'
localstatedir='${prefix}/var'
lt_ECHO='/bin/echo'
mandir='${prefix}/man'
mkdir_p='$(install_sh) -d'
oldincludedir='/usr/include'
prefix='NONE'
program_transform_name='s,x,x,'
sbindir='${exec_prefix}/sbin'
sharedstatedir='${prefix}/com'
sysconfdir='${prefix}/etc'
target_alias=''

## ----------- ##
## confdefs.h. ##
## ----------- ##

#define HAVE_DLFCN_H 1
#define HAVE_INTTYPES_H 1
#define HAVE_MEMORY_H 1
#define HAVE_PTHREAD 1
#define HAVE_SEMAPHORE_H 1
#define HAVE_STDINT_H 1
#define HAVE_STDLIB_H 1
#define HAVE_STRINGS_H 1
#define HAVE_STRING_H 1
#define HAVE_SYS_STAT_H 1
#define HAVE_SYS_TYPES_H 1
#define HAVE_UNISTD_H 1
#define LT_OBJDIR ".libs/"
#define OPENEXR_PACKAGE_STRING "OpenEXR 1.7.1"
#define OPENEXR_VERSION_STRING "1.7.1"
#define PACKAGE "openexr"
#define PACKAGE_BUGREPORT ""
#define PACKAGE_NAME "OpenEXR"
#define PACKAGE_STRING "OpenEXR 1.7.1"
#define PACKAGE_TARNAME "openexr"
#define PACKAGE_VERSION "1.7.1"
#define STDC_HEADERS 1
#define VERSION "1.7.1"
#endif
#ifdef __cplusplus
extern "C" void exit (int);

configure: exit 1
