This file contains any messages produced by compilers while
running configure, to aid debugging if configure makes a mistake.

It was created by blitz configure 0.9, which was
generated by GNU Autoconf 2.61.  Invocation command line was

  $ ./configure 

## --------- ##
## Platform. ##
## --------- ##

hostname = sierra.local
uname -m = x86_64
uname -r = 12.3.0
uname -s = Darwin
uname -v = Darwin Kernel Version 12.3.0: Sun Jan  6 22:37:10 PST 2013; root:xnu-2050.22.13~1/RELEASE_X86_64

/usr/bin/uname -p = i386
/bin/uname -X     = unknown

/bin/arch              = unknown
/usr/bin/arch -k       = unknown
/usr/convex/getsysinfo = unknown
/usr/bin/hostinfo      = Mach kernel version:
	 Darwin Kernel Version 12.3.0: Sun Jan  6 22:37:10 PST 2013; root:xnu-2050.22.13~1/RELEASE_X86_64
Kernel configured for up to 8 processors.
4 processors are physically available.
8 processors are logically available.
Processor type: i486 (Intel 80486)
Processors active: 0 1 2 3 4 5 6 7
Primary memory available: 16.00 gigabytes
Default processor set: 152 tasks, 822 threads, 8 processors
Load average: 2.09, Mach factor: 5.90
/bin/machine           = unknown
/usr/bin/oslevel       = unknown
/bin/universe          = unknown

PATH: /Library/Frameworks/Python.framework/Versions/2.7/bin
PATH: /Library/Frameworks/Python.framework/Versions/2.7/bin
PATH: /usr/bin
PATH: /bin
PATH: /usr/sbin
PATH: /sbin
PATH: /usr/local/bin
PATH: /opt/X11/bin
PATH: /Applications/Deadline/Resources/bin


## ----------- ##
## Core tests. ##
## ----------- ##

configure:2061: checking build system type
configure:2079: result: i386-apple-darwin12.3.0
configure:2101: checking host system type
configure:2116: result: i386-apple-darwin12.3.0
configure:2138: checking target system type
configure:2153: result: i386-apple-darwin12.3.0
configure:2196: checking for a BSD-compatible install
configure:2252: result: /usr/bin/install -c
configure:2263: checking whether build environment is sane
configure:2306: result: yes
configure:2371: checking for gawk
configure:2401: result: no
configure:2371: checking for mawk
configure:2401: result: no
configure:2371: checking for nawk
configure:2401: result: no
configure:2371: checking for awk
configure:2387: found /usr/bin/awk
configure:2398: result: awk
configure:2409: checking whether make sets $(MAKE)
configure:2430: result: yes
configure:2618: checking whether to enable maintainer-specific portions of Makefiles
configure:2627: result: no
configure:2652:

Configuring blitz 0.9 for i386-apple-darwin12.3.0


configure:2718: checking for xlc++
configure:2748: result: no
configure:2718: checking for xlC
configure:2748: result: no
configure:2718: checking for icpc
configure:2748: result: no
configure:2718: checking for pathCC
configure:2748: result: no
configure:2718: checking for pgCC
configure:2748: result: no
configure:2718: checking for cxx
configure:2748: result: no
configure:2718: checking for aCC
configure:2748: result: no
configure:2718: checking for c++
configure:2734: found /usr/bin/c++
configure:2745: result: c++
configure:2776: checking for C++ compiler version
configure:2783: c++ --version >&5
Apple LLVM version 4.2 (clang-425.0.24) (based on LLVM 3.2svn)
Target: x86_64-apple-darwin12.3.0
Thread model: posix
configure:2786: $? = 0
configure:2793: c++ -v >&5
Apple LLVM version 4.2 (clang-425.0.24) (based on LLVM 3.2svn)
Target: x86_64-apple-darwin12.3.0
Thread model: posix
configure:2796: $? = 0
configure:2803: c++ -V >&5
clang: error: argument to '-V' is missing (expected 1 value)
clang: error: no input files
configure:2806: $? = 1
configure:2829: checking for C++ compiler default output file name
configure:2856: c++    conftest.cpp  >&5
configure:2859: $? = 0
configure:2897: result: a.out
configure:2914: checking whether the C++ compiler works
configure:2924: ./a.out
configure:2927: $? = 0
configure:2944: result: yes
configure:2951: checking whether we are cross compiling
configure:2953: result: no
configure:2956: checking for suffix of executables
configure:2963: c++ -o conftest    conftest.cpp  >&5
configure:2966: $? = 0
configure:2990: result: 
configure:2996: checking for suffix of object files
configure:3022: c++ -c   conftest.cpp >&5
configure:3025: $? = 0
configure:3048: result: o
configure:3052: checking whether we are using the GNU C++ compiler
configure:3081: c++ -c   conftest.cpp >&5
configure:3087: $? = 0
configure:3104: result: yes
configure:3109: checking whether c++ accepts -g
configure:3139: c++ -c -g  conftest.cpp >&5
configure:3145: $? = 0
configure:3244: result: yes
configure:3278: checking for style of include used by make
configure:3306: result: GNU
configure:3334: checking dependency style of c++
configure:3424: result: gcc3
configure:3463: checking whether using c++ preset flags
configure:3594: result: yes
configure:3603: Setting compiler flags for GNU c++ (wahoo!)
configure:3618: checking whether to enable Fortran compilation for benchmark codes
configure:3628: result: yes
configure:3696: checking for xlf
configure:3726: result: no
configure:3696: checking for ifort
configure:3726: result: no
configure:3696: checking for pathf90
configure:3726: result: no
configure:3696: checking for pgf77
configure:3726: result: no
configure:3696: checking for ftn
configure:3726: result: no
configure:3696: checking for frt
configure:3726: result: no
configure:3696: checking for gfortran
configure:3726: result: no
configure:3696: checking for f77
configure:3726: result: no
configure:3696: checking for g77
configure:3726: result: no
configure:3696: checking for g95
configure:3726: result: no
configure:3753: checking for Fortran 77 compiler version
configure:3760:  --version >&5
./configure: line 3761: --version: command not found
configure:3763: $? = 127
configure:3770:  -v >&5
./configure: line 3771: -v: command not found
configure:3773: $? = 127
configure:3780:  -V >&5
./configure: line 3781: -V: command not found
configure:3783: $? = 127
configure:3791: checking whether we are using the GNU Fortran 77 compiler
configure:3810:  -c  conftest.F >&5
./configure: line 3811: -c: command not found
configure:3816: $? = 127
configure: failed program was:
|       program main
| #ifndef __GNUC__
|        choke me
| #endif
| 
|       end
configure:3833: result: no
configure:3839: checking whether  accepts -g
configure:3856:  -c -g conftest.f >&5
./configure: line 3857: -c: command not found
configure:3862: $? = 127
configure: failed program was:
|       program main
| 
|       end
configure:3878: result: no
configure:3956: checking for xlf90
configure:3986: result: no
configure:3956: checking for ifort
configure:3986: result: no
configure:3956: checking for pathf90
configure:3986: result: no
configure:3956: checking for pgf90
configure:3986: result: no
configure:3956: checking for ftn
configure:3986: result: no
configure:3956: checking for frt
configure:3986: result: no
configure:3956: checking for f90
configure:3986: result: no
configure:3956: checking for gfortran
configure:3986: result: no
configure:3956: checking for g95
configure:3986: result: no
configure:4013: checking for Fortran compiler version
configure:4020:  --version >&5
./configure: line 4021: --version: command not found
configure:4023: $? = 127
configure:4030:  -v >&5
./configure: line 4031: -v: command not found
configure:4033: $? = 127
configure:4040:  -V >&5
./configure: line 4041: -V: command not found
configure:4043: $? = 127
configure:4051: checking whether we are using the GNU Fortran compiler
configure:4070:  -c   conftest.F >&5
./configure: line 4071: -c: command not found
configure:4076: $? = 127
configure: failed program was:
|       program main
| #ifndef __GNUC__
|        choke me
| #endif
| 
|       end
configure:4093: result: no
configure:4099: checking whether  accepts -g
configure:4116:  -c -g  conftest.f >&5
./configure: line 4117: -c: command not found
configure:4122: $? = 127
configure: failed program was:
|       program main
| 
|       end
configure:4138: result: no
configure:4176: checking whether using Fortran preset flags
configure:4189: result: yes
configure:4468: checking how to get verbose linking output from 
configure:4484:  -c  conftest.f >&5
./configure: line 4485: -c: command not found
configure:4490: $? = 127
configure: failed program was:
|       program main
| 
|       end
configure:4571: WARNING: compilation failed
configure:4578: result: 
configure:4580: checking for Fortran 77 libraries of 
configure:4603: -o conftest conftest.f
./configure: line 4604: -o: command not found
configure:4777: result: 
configure:4803: checking how to get verbose linking output from 
configure:4819:  -c   conftest.f >&5
./configure: line 4820: -c: command not found
configure:4825: $? = 127
configure: failed program was:
|       program main
| 
|       end
configure:4906: WARNING: compilation failed
configure:4913: result: 
configure:4915: checking for Fortran libraries of 
configure:4938: -o conftest conftest.f
./configure: line 4939: -o: command not found
configure:5112: result: 
configure:5291: checking compiler specific header
configure:5353: result: gnu/bzconfig.h
configure:5365: checking for texi2html
configure:5395: result: no
configure:5443: checking for doxygen
configure:5473: result: no
configure:5568: checking whether to enable C++/Fortran 64-bit compilation flags
configure:5580: result: no
configure:5776: checking for gcc
configure:5792: found /usr/bin/gcc
configure:5803: result: gcc
configure:6041: checking for C compiler version
configure:6048: gcc --version >&5
i686-apple-darwin11-llvm-gcc-4.2 (GCC) 4.2.1 (Based on Apple Inc. build 5658) (LLVM build 2336.11.00)
Copyright (C) 2007 Free Software Foundation, Inc.
This is free software; see the source for copying conditions.  There is NO
warranty; not even for MERCHANTABILITY or FITNESS FOR A PARTICULAR PURPOSE.

configure:6051: $? = 0
configure:6058: gcc -v >&5
Using built-in specs.
Target: i686-apple-darwin11
Configured with: /private/var/tmp/llvmgcc42/llvmgcc42-2336.11~148/src/configure --disable-checking --enable-werror --prefix=/Applications/Xcode.app/Contents/Developer/usr/llvm-gcc-4.2 --mandir=/share/man --enable-languages=c,objc,c++,obj-c++ --program-prefix=llvm- --program-transform-name=/^[cg][^.-]*$/s/$/-4.2/ --with-slibdir=/usr/lib --build=i686-apple-darwin11 --enable-llvm=/private/var/tmp/llvmgcc42/llvmgcc42-2336.11~148/dst-llvmCore/Developer/usr/local --program-prefix=i686-apple-darwin11- --host=x86_64-apple-darwin11 --target=i686-apple-darwin11 --with-gxx-include-dir=/usr/include/c++/4.2.1
Thread model: posix
gcc version 4.2.1 (Based on Apple Inc. build 5658) (LLVM build 2336.11.00)
configure:6061: $? = 0
configure:6068: gcc -V >&5
llvm-gcc-4.2: argument to `-V' is missing
configure:6071: $? = 1
configure:6074: checking whether we are using the GNU C compiler
configure:6103: gcc -c   conftest.c >&5
configure:6109: $? = 0
configure:6126: result: yes
configure:6131: checking whether gcc accepts -g
configure:6161: gcc -c -g  conftest.c >&5
configure:6167: $? = 0
configure:6266: result: yes
configure:6283: checking for gcc option to accept ISO C89
configure:6357: gcc  -c -g -O2  conftest.c >&5
configure:6363: $? = 0
configure:6386: result: none needed
configure:6406: checking dependency style of gcc
configure:6496: result: gcc3
configure:6513: checking for a sed that does not truncate output
configure:6569: result: /usr/bin/sed
configure:6572: checking for grep that handles long lines and -e
configure:6646: result: /usr/bin/grep
configure:6651: checking for egrep
configure:6729: result: /usr/bin/grep -E
configure:6745: checking for ld used by gcc
configure:6812: result: /usr/llvm-gcc-4.2/libexec/gcc/i686-apple-darwin11/4.2.1/ld
configure:6821: checking if the linker (/usr/llvm-gcc-4.2/libexec/gcc/i686-apple-darwin11/4.2.1/ld) is GNU ld
configure:6836: result: no
configure:6841: checking for /usr/llvm-gcc-4.2/libexec/gcc/i686-apple-darwin11/4.2.1/ld option to reload object files
configure:6848: result: -r
configure:6866: checking for BSD-compatible nm
configure:6915: result: /usr/bin/nm
configure:6919: checking whether ln -s works
configure:6923: result: yes
configure:6930: checking how to recognize dependent libraries
configure:7116: result: pass_all
configure:7362: checking how to run the C preprocessor
configure:7402: gcc -E  conftest.c
configure:7408: $? = 0
configure:7439: gcc -E  conftest.c
conftest.c:10:28: error: ac_nonexistent.h: No such file or directory
configure:7445: $? = 1
configure: failed program was:
| /* confdefs.h.  */
| #define PACKAGE_NAME "blitz"
| #define PACKAGE_TARNAME "blitz"
| #define PACKAGE_VERSION "0.9"
| #define PACKAGE_STRING "blitz 0.9"
| #define PACKAGE_BUGREPORT "blitz-bugs@oonumerics.org"
| #define PACKAGE "blitz"
| #define VERSION "0.9"
| /* end confdefs.h.  */
| #include <ac_nonexistent.h>
configure:7478: result: gcc -E
configure:7507: gcc -E  conftest.c
configure:7513: $? = 0
configure:7544: gcc -E  conftest.c
conftest.c:10:28: error: ac_nonexistent.h: No such file or directory
configure:7550: $? = 1
configure: failed program was:
| /* confdefs.h.  */
| #define PACKAGE_NAME "blitz"
| #define PACKAGE_TARNAME "blitz"
| #define PACKAGE_VERSION "0.9"
| #define PACKAGE_STRING "blitz 0.9"
| #define PACKAGE_BUGREPORT "blitz-bugs@oonumerics.org"
| #define PACKAGE "blitz"
| #define VERSION "0.9"
| /* end confdefs.h.  */
| #include <ac_nonexistent.h>
configure:7588: checking for ANSI C header files
configure:7618: gcc -c -g -O2  conftest.c >&5
configure:7624: $? = 0
configure:7723: gcc -o conftest -g -O2   conftest.c  >&5
configure:7726: $? = 0
configure:7732: ./conftest
configure:7735: $? = 0
configure:7752: result: yes
configure:7776: checking for sys/types.h
configure:7797: gcc -c -g -O2  conftest.c >&5
configure:7803: $? = 0
configure:7819: result: yes
configure:7776: checking for sys/stat.h
configure:7797: gcc -c -g -O2  conftest.c >&5
configure:7803: $? = 0
configure:7819: result: yes
configure:7776: checking for stdlib.h
configure:7797: gcc -c -g -O2  conftest.c >&5
configure:7803: $? = 0
configure:7819: result: yes
configure:7776: checking for string.h
configure:7797: gcc -c -g -O2  conftest.c >&5
configure:7803: $? = 0
configure:7819: result: yes
configure:7776: checking for memory.h
configure:7797: gcc -c -g -O2  conftest.c >&5
configure:7803: $? = 0
configure:7819: result: yes
configure:7776: checking for strings.h
configure:7797: gcc -c -g -O2  conftest.c >&5
configure:7803: $? = 0
configure:7819: result: yes
configure:7776: checking for inttypes.h
configure:7797: gcc -c -g -O2  conftest.c >&5
configure:7803: $? = 0
configure:7819: result: yes
configure:7776: checking for stdint.h
configure:7797: gcc -c -g -O2  conftest.c >&5
configure:7803: $? = 0
configure:7819: result: yes
configure:7776: checking for unistd.h
configure:7797: gcc -c -g -O2  conftest.c >&5
configure:7803: $? = 0
configure:7819: result: yes
configure:7846: checking dlfcn.h usability
configure:7863: gcc -c -g -O2  conftest.c >&5
configure:7869: $? = 0
configure:7883: result: yes
configure:7887: checking dlfcn.h presence
configure:7902: gcc -E  conftest.c
configure:7908: $? = 0
configure:7922: result: yes
configure:7955: checking for dlfcn.h
configure:7963: result: yes
configure:7986: checking how to run the C++ preprocessor
configure:8022: c++ -E  conftest.cpp
configure:8028: $? = 0
configure:8059: c++ -E  conftest.cpp
conftest.cpp:21:10: fatal error: 'ac_nonexistent.h' file not found
#include <ac_nonexistent.h>
         ^
1 error generated.
configure:8065: $? = 1
configure: failed program was:
| /* confdefs.h.  */
| #define PACKAGE_NAME "blitz"
| #define PACKAGE_TARNAME "blitz"
| #define PACKAGE_VERSION "0.9"
| #define PACKAGE_STRING "blitz 0.9"
| #define PACKAGE_BUGREPORT "blitz-bugs@oonumerics.org"
| #define PACKAGE "blitz"
| #define VERSION "0.9"
| #define STDC_HEADERS 1
| #define HAVE_SYS_TYPES_H 1
| #define HAVE_SYS_STAT_H 1
| #define HAVE_STDLIB_H 1
| #define HAVE_STRING_H 1
| #define HAVE_MEMORY_H 1
| #define HAVE_STRINGS_H 1
| #define HAVE_INTTYPES_H 1
| #define HAVE_STDINT_H 1
| #define HAVE_UNISTD_H 1
| #define HAVE_DLFCN_H 1
| /* end confdefs.h.  */
| #include <ac_nonexistent.h>
configure:8098: result: c++ -E
configure:8127: c++ -E  conftest.cpp
configure:8133: $? = 0
configure:8164: c++ -E  conftest.cpp
conftest.cpp:21:10: fatal error: 'ac_nonexistent.h' file not found
#include <ac_nonexistent.h>
         ^
1 error generated.
configure:8170: $? = 1
configure: failed program was:
| /* confdefs.h.  */
| #define PACKAGE_NAME "blitz"
| #define PACKAGE_TARNAME "blitz"
| #define PACKAGE_VERSION "0.9"
| #define PACKAGE_STRING "blitz 0.9"
| #define PACKAGE_BUGREPORT "blitz-bugs@oonumerics.org"
| #define PACKAGE "blitz"
| #define VERSION "0.9"
| #define STDC_HEADERS 1
| #define HAVE_SYS_TYPES_H 1
| #define HAVE_SYS_STAT_H 1
| #define HAVE_STDLIB_H 1
| #define HAVE_STRING_H 1
| #define HAVE_MEMORY_H 1
| #define HAVE_STRINGS_H 1
| #define HAVE_INTTYPES_H 1
| #define HAVE_STDINT_H 1
| #define HAVE_UNISTD_H 1
| #define HAVE_DLFCN_H 1
| /* end confdefs.h.  */
| #include <ac_nonexistent.h>
configure:8212: checking the maximum length of command line arguments
configure:8324: result: 196608
configure:8336: checking command to parse /usr/bin/nm output from gcc object
configure:8441: c++ -c   conftest.cpp >&5
configure:8444: $? = 0
configure:8448: /usr/bin/nm conftest.o \| sed -n -e 's/^.*[ 	]\([BCDEGRST][BCDEGRST]*\)[ 	][ 	]*\([_A-Za-z][_A-Za-z0-9]*\)$/\1 \2 \2/p' \> conftest.nm
configure:8451: $? = 0
cannot find nm_test_var in conftest.nm
configure:8441: c++ -c   conftest.cpp >&5
configure:8444: $? = 0
configure:8448: /usr/bin/nm conftest.o \| sed -n -e 's/^.*[ 	]\([BCDEGRST][BCDEGRST]*\)[ 	][ 	]*_\([_A-Za-z][_A-Za-z0-9]*\)$/\1 _\2 \2/p' \> conftest.nm
configure:8451: $? = 0
configure:8503: c++ -o conftest    conftest.cpp conftstm.o >&5
configure:8506: $? = 0
configure:8544: result: ok
configure:8548: checking for objdir
configure:8563: result: .libs
configure:8655: checking for ar
configure:8671: found /usr/bin/ar
configure:8682: result: ar
configure:8751: checking for ranlib
configure:8767: found /usr/bin/ranlib
configure:8778: result: ranlib
configure:8847: checking for strip
configure:8863: found /usr/bin/strip
configure:8874: result: strip
configure:9131: checking for dsymutil
configure:9147: found /usr/bin/dsymutil
configure:9158: result: dsymutil
configure:9227: checking for nmedit
configure:9243: found /usr/bin/nmedit
configure:9254: result: nmedit
configure:9281: checking for -single_module linker flag
configure:9302: result: yes
configure:9304: checking for -exported_symbols_list linker flag
configure:9334: c++ -o conftest    -Wl,-exported_symbols_list,conftest.sym conftest.cpp  >&5
configure:9340: $? = 0
configure:9359: result: yes
configure:9472: checking if gcc supports -fno-rtti -fno-exceptions
configure:9490: gcc -c -g -O2  -fno-rtti -fno-exceptions conftest.c >&5
cc1: warning: command line option "-fno-rtti" is valid for C++/ObjC++ but not for C
configure:9494: $? = 0
configure:9507: result: no
configure:9522: checking for gcc option to produce PIC
configure:9754: result: -fno-common
configure:9762: checking if gcc PIC flag -fno-common works
configure:9780: gcc -c -g -O2  -fno-common -DPIC conftest.c >&5
configure:9784: $? = 0
configure:9797: result: yes
configure:9825: checking if gcc static flag -static works
configure:9853: result: no
configure:9863: checking if gcc supports -c -o file.o
configure:9884: gcc -c -g -O2  -o out/conftest2.o conftest.c >&5
configure:9888: $? = 0
configure:9910: result: yes
configure:9936: checking whether the gcc linker (/usr/llvm-gcc-4.2/libexec/gcc/i686-apple-darwin11/4.2.1/ld) supports shared libraries
configure:10917: result: yes
configure:10984: checking dynamic linker characteristics
configure:11598: result: darwin12.3.0 dyld
configure:11622: checking how to hardcode library paths into programs
configure:11647: result: immediate
configure:11661: checking whether stripping libraries is possible
configure:11675: result: yes
configure:12468: checking if libtool supports shared libraries
configure:12470: result: yes
configure:12473: checking whether to build shared libraries
configure:12494: result: no
configure:12497: checking whether to build static libraries
configure:12501: result: yes
configure:12595: creating libtool
configure:13188: checking for ld used by c++
configure:13255: result: /usr/llvm-gcc-4.2/libexec/gcc/i686-apple-darwin11/4.2.1/ld
configure:13264: checking if the linker (/usr/llvm-gcc-4.2/libexec/gcc/i686-apple-darwin11/4.2.1/ld) is GNU ld
configure:13279: result: no
configure:13330: checking whether the c++ linker (/usr/llvm-gcc-4.2/libexec/gcc/i686-apple-darwin11/4.2.1/ld) supports shared libraries
configure:14276: result: yes
configure:14293: c++ -c   conftest.cpp >&5
configure:14296: $? = 0
configure:14452: checking for c++ option to produce PIC
configure:14736: result: -fno-common
configure:14744: checking if c++ PIC flag -fno-common works
configure:14762: c++ -c   -fno-common -DPIC conftest.cpp >&5
configure:14766: $? = 0
configure:14779: result: yes
configure:14807: checking if c++ static flag -static works
configure:14835: result: no
configure:14845: checking if c++ supports -c -o file.o
configure:14866: c++ -c   -o out/conftest2.o conftest.cpp >&5
configure:14870: $? = 0
configure:14892: result: yes
configure:14918: checking whether the c++ linker (/usr/llvm-gcc-4.2/libexec/gcc/i686-apple-darwin11/4.2.1/ld) supports shared libraries
configure:14947: result: yes
configure:15014: checking dynamic linker characteristics
configure:15576: result: darwin12.3.0 dyld
configure:15600: checking how to hardcode library paths into programs
configure:15625: result: immediate
configure:21873: checking for sin
configure:21929: c++ -o conftest    conftest.cpp  >&5
configure:21935: $? = 0
configure:21952: result: yes
configure:22050:

Checking to see if there is a usable BLAS library kicking around...
(If so, Blitz++ will use BLAS library to run benchmarks against
if you build the benchmarks.  Blitz++ itself does NOT use BLAS).


configure:22062: checking for daxpy_ in -lblas
configure:22097: c++ -o conftest     conftest.cpp -lblas   >&5
configure:22103: $? = 0
configure:22121: result: yes
configure:22134: checking for daxpy in -lblas
configure:22169: c++ -o conftest     conftest.cpp -lblas   >&5
configure:22175: $? = 0
configure:22193: result: yes
configure:22206: checking for DAXPY in -lblas
configure:22241: c++ -o conftest     conftest.cpp -lblas   >&5
configure:22247: $? = 0
configure:22265: result: yes
configure:22278: checking for daxpy__ in -lblas
configure:22313: c++ -o conftest     conftest.cpp -lblas   >&5
Undefined symbols for architecture x86_64:
  "_daxpy__", referenced from:
      _main in conftest-PkvKPW.o
ld: symbol(s) not found for architecture x86_64
clang: error: linker command failed with exit code 1 (use -v to see invocation)
configure:22319: $? = 1
configure: failed program was:
| /* confdefs.h.  */
| #define PACKAGE_NAME "blitz"
| #define PACKAGE_TARNAME "blitz"
| #define PACKAGE_VERSION "0.9"
| #define PACKAGE_STRING "blitz 0.9"
| #define PACKAGE_BUGREPORT "blitz-bugs@oonumerics.org"
| #define PACKAGE "blitz"
| #define VERSION "0.9"
| #define STDC_HEADERS 1
| #define HAVE_SYS_TYPES_H 1
| #define HAVE_SYS_STAT_H 1
| #define HAVE_STDLIB_H 1
| #define HAVE_STRING_H 1
| #define HAVE_MEMORY_H 1
| #define HAVE_STRINGS_H 1
| #define HAVE_INTTYPES_H 1
| #define HAVE_STDINT_H 1
| #define HAVE_UNISTD_H 1
| #define HAVE_DLFCN_H 1
| /* end confdefs.h.  */
| 
| /* Override any GCC internal prototype to avoid an error.
|    Use char because int might match the return type of a GCC
|    builtin and then its argument prototype would still apply.  */
| #ifdef __cplusplus
| extern "C"
| #endif
| char daxpy__ ();
| int
| main ()
| {
| return daxpy__ ();
|   ;
|   return 0;
| }
configure:22337: result: no
configure:22358: checking whether to enable c++ optimization flags
configure:22368: result: no
configure:22376: checking whether to enable c++ debug flags
configure:22386: result: no
configure:22394: checking whether to enable Blitz thread-safety features
configure:22404: result: no
configure:22422:

C++ compiler (c++  ) characteristics


configure:22469:

Checking major C++ language features


configure:22476: checking whether the compiler implements namespaces
configure:22509: c++ -c   conftest.cpp >&5
configure:22515: $? = 0
configure:22537: result: yes
configure:22547: checking whether the compiler supports exceptions
configure:22580: c++ -c   conftest.cpp >&5
configure:22586: $? = 0
configure:22608: result: yes
configure:22618: checking whether the compiler supports Run-Time Type Identification
configure:22663: c++ -c   conftest.cpp >&5
configure:22669: $? = 0
configure:22691: result: yes
configure:22701: checking whether the compiler supports member constants
configure:22734: c++ -c   conftest.cpp >&5
configure:22740: $? = 0
configure:22762: result: yes
configure:22772: checking whether the compiler accepts the old for scoping rules
configure:22805: c++ -c   conftest.cpp >&5
conftest.cpp:34:41: error: use of undeclared identifier 'i'
int z;for (int i=0; i < 10; ++i)z=z+i;z=i;return z;
                                        ^
1 error generated.
configure:22811: $? = 1
configure: failed program was:
| /* confdefs.h.  */
| #define PACKAGE_NAME "blitz"
| #define PACKAGE_TARNAME "blitz"
| #define PACKAGE_VERSION "0.9"
| #define PACKAGE_STRING "blitz 0.9"
| #define PACKAGE_BUGREPORT "blitz-bugs@oonumerics.org"
| #define PACKAGE "blitz"
| #define VERSION "0.9"
| #define STDC_HEADERS 1
| #define HAVE_SYS_TYPES_H 1
| #define HAVE_SYS_STAT_H 1
| #define HAVE_STDLIB_H 1
| #define HAVE_STRING_H 1
| #define HAVE_MEMORY_H 1
| #define HAVE_STRINGS_H 1
| #define HAVE_INTTYPES_H 1
| #define HAVE_STDINT_H 1
| #define HAVE_UNISTD_H 1
| #define HAVE_DLFCN_H 1
| #define _compiler_name "c++"
| #define _compiler_options ""
| #define _os_name "Darwin sierra.local 12.3.0 Darwin Kernel Version 12.3.0: Sun Jan  6 22:37:10 PST 2013; root:xnu-2050.22.13~1/RELEASE_X86_64 x86_64"
| #define _config_date "Tue Mar  5 19:40:21 EST 2013"
| #define _platform "i386-apple-darwin12.3.0"
| #define HAVE_NAMESPACES
| #define HAVE_EXCEPTIONS
| #define HAVE_RTTI
| #define HAVE_MEMBER_CONSTANTS
| /* end confdefs.h.  */
| 
| int
| main ()
| {
| int z;for (int i=0; i < 10; ++i)z=z+i;z=i;return z;
|   ;
|   return 0;
| }
configure:22833: result: no
configure:22848:

Now for some of the new keywords


configure:22855: checking whether the compiler supports the explicit keyword
configure:22888: c++ -c   conftest.cpp >&5
configure:22894: $? = 0
configure:22916: result: yes
configure:22926: checking whether the compiler supports the mutable keyword
configure:22964: c++ -c   conftest.cpp >&5
configure:22970: $? = 0
configure:22992: result: yes
configure:23002: checking whether the compiler recognizes typename
configure:23035: c++ -c   conftest.cpp >&5
configure:23041: $? = 0
configure:23063: result: yes
configure:23073: checking whether the compiler supports the Numerical C Extensions Group restrict keyword
configure:23113: c++ -c   conftest.cpp >&5
conftest.cpp:34:40: error: expected ')'
void add(int length, double * restrict a,
                                       ^
conftest.cpp:34:9: note: to match this '('
void add(int length, double * restrict a,
        ^
conftest.cpp:36:34: error: use of undeclared identifier 'a'
{ for (int i=0; i < length; ++i) a[i] = b[i] + c[i]; }
                                 ^
conftest.cpp:36:41: error: use of undeclared identifier 'b'
{ for (int i=0; i < length; ++i) a[i] = b[i] + c[i]; }
                                        ^
conftest.cpp:36:48: error: use of undeclared identifier 'c'
{ for (int i=0; i < length; ++i) a[i] = b[i] + c[i]; }
                                               ^
conftest.cpp:43:1: error: no matching function for call to 'add'
add(10,a,b,c);
^~~
conftest.cpp:34:6: note: candidate function not viable: requires 2 arguments, but 4 were provided
void add(int length, double * restrict a,
     ^
5 errors generated.
configure:23119: $? = 1
configure: failed program was:
| /* confdefs.h.  */
| #define PACKAGE_NAME "blitz"
| #define PACKAGE_TARNAME "blitz"
| #define PACKAGE_VERSION "0.9"
| #define PACKAGE_STRING "blitz 0.9"
| #define PACKAGE_BUGREPORT "blitz-bugs@oonumerics.org"
| #define PACKAGE "blitz"
| #define VERSION "0.9"
| #define STDC_HEADERS 1
| #define HAVE_SYS_TYPES_H 1
| #define HAVE_SYS_STAT_H 1
| #define HAVE_STDLIB_H 1
| #define HAVE_STRING_H 1
| #define HAVE_MEMORY_H 1
| #define HAVE_STRINGS_H 1
| #define HAVE_INTTYPES_H 1
| #define HAVE_STDINT_H 1
| #define HAVE_UNISTD_H 1
| #define HAVE_DLFCN_H 1
| #define _compiler_name "c++"
| #define _compiler_options ""
| #define _os_name "Darwin sierra.local 12.3.0 Darwin Kernel Version 12.3.0: Sun Jan  6 22:37:10 PST 2013; root:xnu-2050.22.13~1/RELEASE_X86_64 x86_64"
| #define _config_date "Tue Mar  5 19:40:21 EST 2013"
| #define _platform "i386-apple-darwin12.3.0"
| #define HAVE_NAMESPACES
| #define HAVE_EXCEPTIONS
| #define HAVE_RTTI
| #define HAVE_MEMBER_CONSTANTS
| #define HAVE_EXPLICIT
| #define HAVE_MUTABLE
| #define HAVE_TYPENAME
| /* end confdefs.h.  */
| 
| void add(int length, double * restrict a,
|          const double * restrict b, const double * restrict c)
| { for (int i=0; i < length; ++i) a[i] = b[i] + c[i]; }
| 
| int
| main ()
| {
| double a[10], b[10], c[10];
| for (int i=0; i < 10; ++i) { a[i] = 0.0; b[i] = 0.0; c[i] = 0.0; }
| add(10,a,b,c);
| return 0;
|   ;
|   return 0;
| }
configure:23141: result: no
configure:23151: checking whether the compiler recognizes the '__restrict__' keyword
configure:23191: c++ -c   conftest.cpp >&5
configure:23197: $? = 0
configure:23219: result: yes
configure:23229: checking whether the compiler recognizes bool as a built-in type
configure:23266: c++ -c   conftest.cpp >&5
configure:23272: $? = 0
configure:23294: result: yes
configure:23310:

Does your compiler understand the newfangled casting syntax?


configure:23317: checking whether the compiler supports const_cast<>
configure:23350: c++ -c   conftest.cpp >&5
configure:23356: $? = 0
configure:23378: result: yes
configure:23388: checking whether the compiler supports static_cast<>
configure:23425: c++ -c   conftest.cpp >&5
configure:23431: $? = 0
configure:23453: result: yes
configure:23463: checking whether the compiler supports reinterpret_cast<>
configure:23501: c++ -c   conftest.cpp >&5
configure:23507: $? = 0
configure:23529: result: yes
configure:23539: checking whether the compiler supports dynamic_cast<>
configure:23575: c++ -c   conftest.cpp >&5
configure:23581: $? = 0
configure:23603: result: yes
configure:23620:

Okay, now the important stuff -- templates


configure:23627: checking whether the compiler supports basic templates
configure:23662: c++ -c   conftest.cpp >&5
configure:23668: $? = 0
configure:23690: result: yes
configure:23700: checking whether the compiler supports partial specialization
configure:23737: c++ -c   conftest.cpp >&5
configure:23743: $? = 0
configure:23765: result: yes
configure:23775: checking whether the compiler supports partial ordering
configure:23814: c++ -c   conftest.cpp >&5
configure:23820: $? = 0
configure:23842: result: yes
configure:23852: checking whether the compiler supports default template parameters
configure:23887: c++ -c   conftest.cpp >&5
configure:23893: $? = 0
configure:23915: result: yes
configure:23925: checking whether the compiler supports member templates
configure:23962: c++ -c   conftest.cpp >&5
configure:23968: $? = 0
configure:23990: result: yes
configure:24000: checking whether the compiler supports member templates outside the class declaration
configure:24040: c++ -c   conftest.cpp >&5
configure:24046: $? = 0
configure:24068: result: yes
configure:24078: checking whether the compiler recognizes the full specialization syntax
configure:24114: c++ -c   conftest.cpp >&5
configure:24120: $? = 0
configure:24142: result: yes
configure:24152: checking whether the compiler supports function templates with non-type parameters
configure:24188: c++ -c   conftest.cpp >&5
configure:24194: $? = 0
configure:24216: result: yes
configure:24226: checking whether the compiler supports template-qualified base class specifiers
configure:24277: c++ -c   conftest.cpp >&5
configure:24283: $? = 0
configure:24305: result: yes
configure:24315: checking whether the compiler supports template-qualified return types
configure:24359: c++ -c   conftest.cpp >&5
configure:24365: $? = 0
configure:24387: result: yes
configure:24397: checking whether the compiler supports explicit template function qualification
configure:24433: c++ -c   conftest.cpp >&5
configure:24439: $? = 0
configure:24461: result: yes
configure:24471: checking whether the compiler supports templates as template arguments
configure:24508: c++ -c   conftest.cpp >&5
configure:24514: $? = 0
configure:24536: result: yes
configure:24546: checking whether the compiler supports use of the template keyword as a qualifier
configure:24591: c++ -c   conftest.cpp >&5
configure:24597: $? = 0
configure:24619: result: yes
configure:24629: checking whether the compiler supports function matching with argument types which are template scope-qualified
configure:24670: c++ -c   conftest.cpp >&5
configure:24676: $? = 0
configure:24698: result: yes
configure:24708: checking whether the compiler will support the vector type promotion mechanism
configure:24755: c++ -c   conftest.cpp >&5
configure:24761: $? = 0
configure:24783: result: yes
configure:24793: checking whether the compiler supports numeric traits promotions
configure:24836: c++ -c   conftest.cpp >&5
configure:24842: $? = 0
configure:24864: result: yes
configure:24874: checking whether the compiler handle computations inside an enum
configure:24918: c++ -c   conftest.cpp >&5
configure:24924: $? = 0
configure:24946: result: yes
configure:24956: checking whether the compiler handles (int) casts in enum computations
configure:25000: c++ -c   conftest.cpp >&5
configure:25006: $? = 0
configure:25028: result: yes
configure:25045:

Which library features does your compiler provide?


configure:25052: checking whether the compiler has complex<T>
configure:25089: c++ -c   conftest.cpp >&5
configure:25095: $? = 0
configure:25117: result: yes
configure:25127: checking whether the compiler has standard complex<T> functions
configure:25166: c++ -c   conftest.cpp >&5
configure:25172: $? = 0
configure:25194: result: yes
configure:25226: checking cstring usability
configure:25243: c++ -c   conftest.cpp >&5
configure:25249: $? = 0
configure:25263: result: yes
configure:25267: checking cstring presence
configure:25282: c++ -E  conftest.cpp
configure:25288: $? = 0
configure:25302: result: yes
configure:25335: checking for cstring
configure:25343: result: yes
configure:25363: checking whether the compiler has numeric_limits<T>
configure:25400: c++ -c   conftest.cpp >&5
configure:25406: $? = 0
configure:25428: result: yes
configure:25438: checking whether the compiler has <climits> header
configure:25471: c++ -c   conftest.cpp >&5
configure:25477: $? = 0
configure:25499: result: yes
configure:25509: checking whether the compiler has valarray<T>
configure:25546: c++ -c   conftest.cpp >&5
configure:25552: $? = 0
configure:25574: result: yes
configure:25584: checking whether the compiler has complex math functions
configure:25626: c++ -o conftest    conftest.cpp  -lm >&5
configure:25632: $? = 0
configure:25657: result: yes
configure:25667: checking whether the compiler has more complex math functions
configure:25708: c++ -o conftest    conftest.cpp  -lm >&5
conftest.cpp:72:1: error: no matching function for call to 'acos'
acos(x); asin(x); atan(x); atan2(x,y); atan2(x, double(3.0));
^~~~
/usr/include/math.h:316:15: note: candidate function not viable: no known conversion from 'complex<double>' to 'double' for 1st argument
extern double acos(double);
              ^
/usr/include/c++/4.2.1/cmath:102:3: note: candidate function not viable: no known conversion from 'complex<double>' to 'float' for 1st argument
  acos(float __x)
  ^
/usr/include/c++/4.2.1/cmath:106:3: note: candidate function not viable: no known conversion from 'complex<double>' to 'long double' for 1st argument
  acos(long double __x)
  ^
/usr/include/c++/4.2.1/cmath:112:5: note: candidate template ignored: substitution failure [with _Tp = std::complex<double>]: no type named '__type' in '__gnu_cxx::__enable_if<false, double>'
    acos(_Tp __x)
    ^
conftest.cpp:72:10: error: no matching function for call to 'asin'
acos(x); asin(x); atan(x); atan2(x,y); atan2(x, double(3.0));
         ^~~~
/usr/include/math.h:320:15: note: candidate function not viable: no known conversion from 'complex<double>' to 'double' for 1st argument
extern double asin(double);
              ^
/usr/include/c++/4.2.1/cmath:118:3: note: candidate function not viable: no known conversion from 'complex<double>' to 'float' for 1st argument
  asin(float __x)
  ^
/usr/include/c++/4.2.1/cmath:122:3: note: candidate function not viable: no known conversion from 'complex<double>' to 'long double' for 1st argument
  asin(long double __x)
  ^
/usr/include/c++/4.2.1/cmath:128:5: note: candidate template ignored: substitution failure [with _Tp = std::complex<double>]: no type named '__type' in '__gnu_cxx::__enable_if<false, double>'
    asin(_Tp __x)
    ^
conftest.cpp:72:19: error: no matching function for call to 'atan'
acos(x); asin(x); atan(x); atan2(x,y); atan2(x, double(3.0));
                  ^~~~
/usr/include/math.h:324:15: note: candidate function not viable: no known conversion from 'complex<double>' to 'double' for 1st argument
extern double atan(double);
              ^
/usr/include/c++/4.2.1/cmath:134:3: note: candidate function not viable: no known conversion from 'complex<double>' to 'float' for 1st argument
  atan(float __x)
  ^
/usr/include/c++/4.2.1/cmath:138:3: note: candidate function not viable: no known conversion from 'complex<double>' to 'long double' for 1st argument
  atan(long double __x)
  ^
/usr/include/c++/4.2.1/cmath:144:5: note: candidate template ignored: substitution failure [with _Tp = std::complex<double>]: no type named '__type' in '__gnu_cxx::__enable_if<false, double>'
    atan(_Tp __x)
    ^
conftest.cpp:72:28: error: no matching function for call to 'atan2'
acos(x); asin(x); atan(x); atan2(x,y); atan2(x, double(3.0));
                           ^~~~~
/usr/include/math.h:328:15: note: candidate function not viable: no known conversion from 'complex<double>' to 'double' for 1st argument
extern double atan2(double, double);
              ^
/usr/include/c++/4.2.1/cmath:150:3: note: candidate function not viable: no known conversion from 'complex<double>' to 'float' for 1st argument
  atan2(float __y, float __x)
  ^
/usr/include/c++/4.2.1/cmath:154:3: note: candidate function not viable: no known conversion from 'complex<double>' to 'long double' for 1st argument
  atan2(long double __y, long double __x)
  ^
/usr/include/c++/4.2.1/cmath:161:5: note: candidate template ignored: substitution failure [with _Tp = std::complex<double>, _Up = std::complex<double>]: no type named '__type' in '__gnu_cxx::__enable_if<false, double>'
    atan2(_Tp __y, _Up __x)
    ^
conftest.cpp:72:40: error: no matching function for call to 'atan2'
acos(x); asin(x); atan(x); atan2(x,y); atan2(x, double(3.0));
                                       ^~~~~
/usr/include/math.h:328:15: note: candidate function not viable: no known conversion from 'complex<double>' to 'double' for 1st argument
extern double atan2(double, double);
              ^
/usr/include/c++/4.2.1/cmath:150:3: note: candidate function not viable: no known conversion from 'complex<double>' to 'float' for 1st argument
  atan2(float __y, float __x)
  ^
/usr/include/c++/4.2.1/cmath:154:3: note: candidate function not viable: no known conversion from 'complex<double>' to 'long double' for 1st argument
  atan2(long double __y, long double __x)
  ^
/usr/include/c++/4.2.1/cmath:161:5: note: candidate template ignored: substitution failure [with _Tp = std::complex<double>, _Up = double]: no type named '__type' in '__gnu_cxx::__enable_if<false, double>'
    atan2(_Tp __y, _Up __x)
    ^
conftest.cpp:73:1: error: no matching function for call to 'atan2'
atan2(double(3.0), x); log10(x); return 0;
^~~~~
/usr/include/math.h:328:15: note: candidate function not viable: no known conversion from 'complex<double>' to 'double' for 2nd argument
extern double atan2(double, double);
              ^
/usr/include/c++/4.2.1/cmath:150:3: note: candidate function not viable: no known conversion from 'complex<double>' to 'float' for 2nd argument
  atan2(float __y, float __x)
  ^
/usr/include/c++/4.2.1/cmath:154:3: note: candidate function not viable: no known conversion from 'complex<double>' to 'long double' for 2nd argument
  atan2(long double __y, long double __x)
  ^
/usr/include/c++/4.2.1/cmath:161:5: note: candidate template ignored: substitution failure [with _Tp = double, _Up = std::complex<double>]: no type named '__type' in '__gnu_cxx::__enable_if<false, double>'
    atan2(_Tp __y, _Up __x)
    ^
6 errors generated.
configure:25714: $? = 1
configure: failed program was:
| /* confdefs.h.  */
| #define PACKAGE_NAME "blitz"
| #define PACKAGE_TARNAME "blitz"
| #define PACKAGE_VERSION "0.9"
| #define PACKAGE_STRING "blitz 0.9"
| #define PACKAGE_BUGREPORT "blitz-bugs@oonumerics.org"
| #define PACKAGE "blitz"
| #define VERSION "0.9"
| #define STDC_HEADERS 1
| #define HAVE_SYS_TYPES_H 1
| #define HAVE_SYS_STAT_H 1
| #define HAVE_STDLIB_H 1
| #define HAVE_STRING_H 1
| #define HAVE_MEMORY_H 1
| #define HAVE_STRINGS_H 1
| #define HAVE_INTTYPES_H 1
| #define HAVE_STDINT_H 1
| #define HAVE_UNISTD_H 1
| #define HAVE_DLFCN_H 1
| #define _compiler_name "c++"
| #define _compiler_options ""
| #define _os_name "Darwin sierra.local 12.3.0 Darwin Kernel Version 12.3.0: Sun Jan  6 22:37:10 PST 2013; root:xnu-2050.22.13~1/RELEASE_X86_64 x86_64"
| #define _config_date "Tue Mar  5 19:40:21 EST 2013"
| #define _platform "i386-apple-darwin12.3.0"
| #define HAVE_NAMESPACES
| #define HAVE_EXCEPTIONS
| #define HAVE_RTTI
| #define HAVE_MEMBER_CONSTANTS
| #define HAVE_EXPLICIT
| #define HAVE_MUTABLE
| #define HAVE_TYPENAME
| #define HAVE_NCEG_RESTRICT_EGCS
| #define HAVE_BOOL
| #define HAVE_CONST_CAST
| #define HAVE_STATIC_CAST
| #define HAVE_REINTERPRET_CAST
| #define HAVE_DYNAMIC_CAST
| #define HAVE_TEMPLATES
| #define HAVE_PARTIAL_SPECIALIZATION
| #define HAVE_PARTIAL_ORDERING
| #define HAVE_DEFAULT_TEMPLATE_PARAMETERS
| #define HAVE_MEMBER_TEMPLATES
| #define HAVE_MEMBER_TEMPLATES_OUTSIDE_CLASS
| #define HAVE_FULL_SPECIALIZATION_SYNTAX
| #define HAVE_FUNCTION_NONTYPE_PARAMETERS
| #define HAVE_TEMPLATE_QUALIFIED_BASE_CLASS
| #define HAVE_TEMPLATE_QUALIFIED_RETURN_TYPE
| #define HAVE_EXPLICIT_TEMPLATE_FUNCTION_QUALIFICATION
| #define HAVE_TEMPLATES_AS_TEMPLATE_ARGUMENTS
| #define HAVE_TEMPLATE_KEYWORD_QUALIFIER
| #define HAVE_TEMPLATE_SCOPED_ARGUMENT_MATCHING
| #define HAVE_TYPE_PROMOTION
| #define HAVE_USE_NUMTRAIT
| #define HAVE_ENUM_COMPUTATIONS
| #define HAVE_ENUM_COMPUTATIONS_WITH_CAST
| #define HAVE_COMPLEX
| #define HAVE_COMPLEX_FCNS
| #define HAVE_CSTRING 1
| #define HAVE_NUMERIC_LIMITS
| #define HAVE_CLIMITS
| #define HAVE_VALARRAY
| #define HAVE_COMPLEX_MATH1
| /* end confdefs.h.  */
| #include <complex>
| #ifdef HAVE_NAMESPACES
| using namespace std;
| #endif
| int
| main ()
| {
| complex<double> x(1.0, 1.0), y(1.0, 1.0);
| acos(x); asin(x); atan(x); atan2(x,y); atan2(x, double(3.0));
| atan2(double(3.0), x); log10(x); return 0;
|   ;
|   return 0;
| }
configure:25739: result: no
configure:25749: checking whether the compiler supports IEEE math library
configure:25806: c++ -o conftest    conftest.cpp  -lm >&5
conftest.cpp:80:53: warning: ignoring return value of function declared with const attribute [-Wunused-value]
j0(x); j1(x); jn(i,x); ilogb(x); logb(x); log1p(x); rint(x);
                                                    ^~~~ ~
1 warning generated.
configure:25812: $? = 0
configure:25837: result: yes
configure:25847: checking whether the compiler supports System V math library
configure:25895: c++ -o conftest    conftest.cpp  -lm >&5
conftest.cpp:80:1: error: use of undeclared identifier '_class'; did you mean 'class'?
_class(x); trunc(x); finite(x); itrunc(x); nearest(x); rsqrt(x); uitrunc(x);
^
conftest.cpp:80:33: error: use of undeclared identifier 'itrunc'; did you mean 'trunc'?
_class(x); trunc(x); finite(x); itrunc(x); nearest(x); rsqrt(x); uitrunc(x);
                                ^~~~~~
                                trunc
/usr/include/math.h:503:15: note: 'trunc' declared here
extern double trunc(double);
              ^
conftest.cpp:80:44: error: use of undeclared identifier 'nearest'
_class(x); trunc(x); finite(x); itrunc(x); nearest(x); rsqrt(x); uitrunc(x);
                                           ^
conftest.cpp:80:56: error: use of undeclared identifier 'rsqrt'; did you mean 'sqrt'?
_class(x); trunc(x); finite(x); itrunc(x); nearest(x); rsqrt(x); uitrunc(x);
                                                       ^~~~~
                                                       sqrt
/usr/include/math.h:440:15: note: 'sqrt' declared here
extern double sqrt(double);
              ^
conftest.cpp:80:66: error: use of undeclared identifier 'uitrunc'; did you mean 'trunc'?
_class(x); trunc(x); finite(x); itrunc(x); nearest(x); rsqrt(x); uitrunc(x);
                                                                 ^~~~~~~
                                                                 trunc
/usr/include/math.h:503:15: note: 'trunc' declared here
extern double trunc(double);
              ^
conftest.cpp:81:27: error: use of undeclared identifier 'unordered'
copysign(x,y); drem(x,y); unordered(x,y);
                          ^
conftest.cpp:80:12: warning: ignoring return value of function declared with const attribute [-Wunused-value]
_class(x); trunc(x); finite(x); itrunc(x); nearest(x); rsqrt(x); uitrunc(x);
           ^~~~~ ~
conftest.cpp:80:33: warning: ignoring return value of function declared with const attribute [-Wunused-value]
_class(x); trunc(x); finite(x); itrunc(x); nearest(x); rsqrt(x); uitrunc(x);
                                ^~~~~~ ~
conftest.cpp:80:56: warning: ignoring return value of function declared with const attribute [-Wunused-value]
_class(x); trunc(x); finite(x); itrunc(x); nearest(x); rsqrt(x); uitrunc(x);
                                                       ^~~~~ ~
conftest.cpp:80:66: warning: ignoring return value of function declared with const attribute [-Wunused-value]
_class(x); trunc(x); finite(x); itrunc(x); nearest(x); rsqrt(x); uitrunc(x);
                                                                 ^~~~~~~ ~
conftest.cpp:81:1: warning: ignoring return value of function declared with const attribute [-Wunused-value]
copysign(x,y); drem(x,y); unordered(x,y);
^~~~~~~~ ~~~
5 warnings and 6 errors generated.
configure:25901: $? = 1
configure: failed program was:
| /* confdefs.h.  */
| #define PACKAGE_NAME "blitz"
| #define PACKAGE_TARNAME "blitz"
| #define PACKAGE_VERSION "0.9"
| #define PACKAGE_STRING "blitz 0.9"
| #define PACKAGE_BUGREPORT "blitz-bugs@oonumerics.org"
| #define PACKAGE "blitz"
| #define VERSION "0.9"
| #define STDC_HEADERS 1
| #define HAVE_SYS_TYPES_H 1
| #define HAVE_SYS_STAT_H 1
| #define HAVE_STDLIB_H 1
| #define HAVE_STRING_H 1
| #define HAVE_MEMORY_H 1
| #define HAVE_STRINGS_H 1
| #define HAVE_INTTYPES_H 1
| #define HAVE_STDINT_H 1
| #define HAVE_UNISTD_H 1
| #define HAVE_DLFCN_H 1
| #define _compiler_name "c++"
| #define _compiler_options ""
| #define _os_name "Darwin sierra.local 12.3.0 Darwin Kernel Version 12.3.0: Sun Jan  6 22:37:10 PST 2013; root:xnu-2050.22.13~1/RELEASE_X86_64 x86_64"
| #define _config_date "Tue Mar  5 19:40:21 EST 2013"
| #define _platform "i386-apple-darwin12.3.0"
| #define HAVE_NAMESPACES
| #define HAVE_EXCEPTIONS
| #define HAVE_RTTI
| #define HAVE_MEMBER_CONSTANTS
| #define HAVE_EXPLICIT
| #define HAVE_MUTABLE
| #define HAVE_TYPENAME
| #define HAVE_NCEG_RESTRICT_EGCS
| #define HAVE_BOOL
| #define HAVE_CONST_CAST
| #define HAVE_STATIC_CAST
| #define HAVE_REINTERPRET_CAST
| #define HAVE_DYNAMIC_CAST
| #define HAVE_TEMPLATES
| #define HAVE_PARTIAL_SPECIALIZATION
| #define HAVE_PARTIAL_ORDERING
| #define HAVE_DEFAULT_TEMPLATE_PARAMETERS
| #define HAVE_MEMBER_TEMPLATES
| #define HAVE_MEMBER_TEMPLATES_OUTSIDE_CLASS
| #define HAVE_FULL_SPECIALIZATION_SYNTAX
| #define HAVE_FUNCTION_NONTYPE_PARAMETERS
| #define HAVE_TEMPLATE_QUALIFIED_BASE_CLASS
| #define HAVE_TEMPLATE_QUALIFIED_RETURN_TYPE
| #define HAVE_EXPLICIT_TEMPLATE_FUNCTION_QUALIFICATION
| #define HAVE_TEMPLATES_AS_TEMPLATE_ARGUMENTS
| #define HAVE_TEMPLATE_KEYWORD_QUALIFIER
| #define HAVE_TEMPLATE_SCOPED_ARGUMENT_MATCHING
| #define HAVE_TYPE_PROMOTION
| #define HAVE_USE_NUMTRAIT
| #define HAVE_ENUM_COMPUTATIONS
| #define HAVE_ENUM_COMPUTATIONS_WITH_CAST
| #define HAVE_COMPLEX
| #define HAVE_COMPLEX_FCNS
| #define HAVE_CSTRING 1
| #define HAVE_NUMERIC_LIMITS
| #define HAVE_CLIMITS
| #define HAVE_VALARRAY
| #define HAVE_COMPLEX_MATH1
| #define HAVE_IEEE_MATH
| /* end confdefs.h.  */
| 
| #ifndef _ALL_SOURCE
|  #define _ALL_SOURCE
| #endif
| #ifndef _XOPEN_SOURCE
|  #define _XOPEN_SOURCE
| #endif
| #ifndef _XOPEN_SOURCE_EXTENDED
|  #define _XOPEN_SOURCE_EXTENDED 1
| #endif
| #include <math.h>
| int
| main ()
| {
| double x = 1.0; double y = 1.0;
| _class(x); trunc(x); finite(x); itrunc(x); nearest(x); rsqrt(x); uitrunc(x);
| copysign(x,y); drem(x,y); unordered(x,y);
| return 0;
|   ;
|   return 0;
| }
configure:25926: result: no
configure:25936: checking whether the compiler has C math functions in namespace std
configure:25972: c++ -c   conftest.cpp >&5
configure:25978: $? = 0
configure:26000: result: yes
configure:26010: checking whether the compiler has C math abs(integer type) in namespace std
configure:26046: c++ -c   conftest.cpp >&5
configure:26052: $? = 0
configure:26074: result: yes
configure:26084: checking whether complex math functions are in namespace std
configure:26123: c++ -c   conftest.cpp >&5
configure:26129: $? = 0
configure:26151: result: yes
configure:26161: checking whether the compiler has isnan function in namespace std
configure:26197: c++ -c   conftest.cpp >&5
configure:26203: $? = 0
configure:26225: result: yes
configure:26235: checking whether the compiler supports ISO C++ standard library
configure:26275: c++ -c   conftest.cpp >&5
configure:26281: $? = 0
configure:26303: result: yes
configure:26313: checking whether the compiler supports Standard Template Library
configure:26352: c++ -c   conftest.cpp >&5
configure:26358: $? = 0
configure:26380: result: yes
configure:26390: checking whether the compiler has getrusage() function
configure:26424: c++ -c   conftest.cpp >&5
configure:26430: $? = 0
configure:26452: result: yes
configure:26488:

CXX                = c++
CXXFLAGS           = 
CXX_OPTIMIZE_FLAGS = -O3 -funroll-loops -fstrict-aliasing -fomit-frame-pointer -ffast-math -DUSE_LIBBLAS -DUSE_LIBBLAS -DUSE_LIBBLAS
CXX_DEBUG_FLAGS    = -g -DBZ_DEBUG
CXXFFLAGS          = -DBZ_FORTRAN_SYMBOLS_CAPS

F77                = 
FFLAGS             = 
F77_OPTIMIZE_FLAGS = 
FLIBS              = 

FC                 = 
FCFLAGS            = 
FC_OPTIMIZE_FLAGS  = 
FCLIBS             = 

BLASLIB            = -lblas


configure:26535: checking our pkgconfig libname
configure:26543: result: blitz
configure:26546: checking our pkgconfig version
configure:26554: result: 0.9
configure:26557: checking our pkgconfig_libdir
configure:26564: result: ${libdir}/pkgconfig
configure:26567: result: expanded our pkgconfig_libdir... /usr/local/lib/pkgconfig
configure:26571: checking our pkgconfig_libfile
configure:26577: result: blitz.pc
configure:26584: checking our pkgconfig description
configure:26591: result: blitz Library
configure:26594: checking our pkgconfig requires
configure:26599: result: 
configure:26602: checking our pkgconfig ext libs
configure:26609: result: -lblitz
configure:26612: checking our pkgconfig cppflags
configure:26617: result: 
configure:26644: result: noninstalled pkgconfig -L /Users/phil/Documents/development/houdini/hot-master/3rdparty/src/blitz/src/.libs
configure:26666: result: noninstalled pkgconfig -I /Users/phil/Documents/development/houdini/hot-master/3rdparty/src/blitz/.
configure:26829: creating ./config.status

## ---------------------- ##
## Running config.status. ##
## ---------------------- ##

This file was extended by blitz config.status 0.9, which was
generated by GNU Autoconf 2.61.  Invocation command line was

  CONFIG_FILES    = 
  CONFIG_HEADERS  = 
  CONFIG_LINKS    = 
  CONFIG_COMMANDS = 
  $ ./config.status 

on sierra.local

config.status:762: creating Makefile
config.status:762: creating bin/Makefile
config.status:762: creating blitz/Makefile
config.status:762: creating blitz/array/Makefile
config.status:762: creating blitz/generate/Makefile
config.status:762: creating blitz/meta/Makefile
config.status:762: creating random/Makefile
config.status:762: creating lib/Makefile
config.status:762: creating testsuite/Makefile
config.status:762: creating examples/Makefile
config.status:762: creating doc/Makefile
config.status:762: creating doc/examples/Makefile
config.status:762: creating doc/stencils/Makefile
config.status:762: creating doc/doxygen/Makefile
config.status:762: creating doc/doxygen/Doxyfile
config.status:762: creating benchmarks/Makefile
config.status:762: creating benchmarks/plot_benchmarks.m
config.status:762: creating blitz/config.h
config.status:1088: executing depfiles commands
config.status:1088: executing blitz/gnu/bzconfig.h commands
config.status:1916: creating blitz/gnu/bzconfig.h - prefix BZ for blitz/config.h defines
config.status:1088: executing blitz.pc commands
config.status:2956: creating blitz.pc.in
config.status:2973: creating blitz.pc
config.status:2992: creating blitz-uninstalled.pc
configure:30020:

The configure script has generated makefiles for your platform.
You have several options now:

  make lib              Check the compiler and create libblitz.a
  make check-testsuite  Build and check the testsuite
  make check-examples   Build and check the examples
  make check-benchmarks Build and check the benchmarks (takes a long time)
  make install          Install Blitz++
  make info             Build Blitz++ texinfo documentation
  make ps               Build Blitz++ ps documentation
  make pdf              Build Blitz++ pdf documentation
  make html             Build Blitz++ html documentation
  make install-info     Install Blitz++ texinfo documentation
  make install-ps       Install Blitz++ ps documentation
  make install-pdf      Install Blitz++ pdf documentation
  make install-html     Install Blitz++ html documentation




## ---------------- ##
## Cache variables. ##
## ---------------- ##

ac_cv_build=i386-apple-darwin12.3.0
ac_cv_c_compiler_gnu=yes
ac_cv_cxx_bool=yes
ac_cv_cxx_compiler_gnu=yes
ac_cv_cxx_complex_math_in_namespace_std=yes
ac_cv_cxx_const_cast=yes
ac_cv_cxx_default_template_parameters=yes
ac_cv_cxx_dynamic_cast=yes
ac_cv_cxx_enum_computations=yes
ac_cv_cxx_enum_computations_with_cast=yes
ac_cv_cxx_exceptions=yes
ac_cv_cxx_explicit=yes
ac_cv_cxx_explicit_template_function_qualification=yes
ac_cv_cxx_full_specialization_syntax=yes
ac_cv_cxx_function_nontype_parameters=yes
ac_cv_cxx_have_climits=yes
ac_cv_cxx_have_complex=yes
ac_cv_cxx_have_complex_fcns=yes
ac_cv_cxx_have_complex_math1=yes
ac_cv_cxx_have_complex_math2=no
ac_cv_cxx_have_ieee_math=yes
ac_cv_cxx_have_numeric_limits=yes
ac_cv_cxx_have_rusage=yes
ac_cv_cxx_have_std=yes
ac_cv_cxx_have_stl=yes
ac_cv_cxx_have_system_v_math=no
ac_cv_cxx_have_valarray=yes
ac_cv_cxx_isnan_std=yes
ac_cv_cxx_mathabsint_std=yes
ac_cv_cxx_mathfn_std=yes
ac_cv_cxx_member_constants=yes
ac_cv_cxx_member_templates=yes
ac_cv_cxx_member_templates_outside_class=yes
ac_cv_cxx_mutable=yes
ac_cv_cxx_namespaces=yes
ac_cv_cxx_nceg_restrict=no
ac_cv_cxx_nceg_restrict_egcs=yes
ac_cv_cxx_old_for_scoping=no
ac_cv_cxx_partial_ordering=yes
ac_cv_cxx_partial_specialization=yes
ac_cv_cxx_reinterpret_cast=yes
ac_cv_cxx_rtti=yes
ac_cv_cxx_static_cast=yes
ac_cv_cxx_template_keyword_qualifier=yes
ac_cv_cxx_template_qualified_base_class=yes
ac_cv_cxx_template_qualified_return_type=yes
ac_cv_cxx_template_scoped_argument_matching=yes
ac_cv_cxx_templates=yes
ac_cv_cxx_templates_as_template_arguments=yes
ac_cv_cxx_type_promotion=yes
ac_cv_cxx_typename=yes
ac_cv_cxx_use_numtrait=yes
ac_cv_env_CCC_set=
ac_cv_env_CCC_value=
ac_cv_env_CC_set=
ac_cv_env_CC_value=
ac_cv_env_CFLAGS_set=
ac_cv_env_CFLAGS_value=
ac_cv_env_COMPILER_SPECIFIC_HEADER_set=
ac_cv_env_COMPILER_SPECIFIC_HEADER_value=
ac_cv_env_CPPFLAGS_set=
ac_cv_env_CPPFLAGS_value=
ac_cv_env_CPP_set=
ac_cv_env_CPP_value=
ac_cv_env_CXXCPP_set=
ac_cv_env_CXXCPP_value=
ac_cv_env_CXXFCFLAG_set=
ac_cv_env_CXXFCFLAG_value=
ac_cv_env_CXXFFLAGS_set=
ac_cv_env_CXXFFLAGS_value=
ac_cv_env_CXXFLAGS_set=
ac_cv_env_CXXFLAGS_value=
ac_cv_env_CXX_DEBUG_FLAGS_set=
ac_cv_env_CXX_DEBUG_FLAGS_value=
ac_cv_env_CXX_OPTIMIZE_FLAGS_set=
ac_cv_env_CXX_OPTIMIZE_FLAGS_value=
ac_cv_env_CXX_set=
ac_cv_env_CXX_value=
ac_cv_env_F77_OPTIMIZE_FLAGS_set=
ac_cv_env_F77_OPTIMIZE_FLAGS_value=
ac_cv_env_F77_set=
ac_cv_env_F77_value=
ac_cv_env_FCFLAGS_set=
ac_cv_env_FCFLAGS_value=
ac_cv_env_FC_OPTIMIZE_FLAGS_set=
ac_cv_env_FC_OPTIMIZE_FLAGS_value=
ac_cv_env_FC_set=
ac_cv_env_FC_value=
ac_cv_env_FFLAGS_set=
ac_cv_env_FFLAGS_value=
ac_cv_env_LDFLAGS_set=
ac_cv_env_LDFLAGS_value=
ac_cv_env_LIBS_set=
ac_cv_env_LIBS_value=
ac_cv_env_build_alias_set=
ac_cv_env_build_alias_value=
ac_cv_env_host_alias_set=
ac_cv_env_host_alias_value=
ac_cv_env_target_alias_set=
ac_cv_env_target_alias_value=
ac_cv_f77_compiler_gnu=no
ac_cv_f77_libs=
ac_cv_fc_compiler_gnu=no
ac_cv_fc_libs=
ac_cv_func_sin=yes
ac_cv_header_cstring=yes
ac_cv_header_dlfcn_h=yes
ac_cv_header_inttypes_h=yes
ac_cv_header_memory_h=yes
ac_cv_header_stdc=yes
ac_cv_header_stdint_h=yes
ac_cv_header_stdlib_h=yes
ac_cv_header_string_h=yes
ac_cv_header_strings_h=yes
ac_cv_header_sys_stat_h=yes
ac_cv_header_sys_types_h=yes
ac_cv_header_unistd_h=yes
ac_cv_host=i386-apple-darwin12.3.0
ac_cv_lib_blas_DAXPY=yes
ac_cv_lib_blas_daxpy=yes
ac_cv_lib_blas_daxpy_=yes
ac_cv_lib_blas_daxpy__=no
ac_cv_objext=o
ac_cv_path_EGREP='/usr/bin/grep -E'
ac_cv_path_GREP=/usr/bin/grep
ac_cv_path_install='/usr/bin/install -c'
ac_cv_prog_AWK=awk
ac_cv_prog_CPP='gcc -E'
ac_cv_prog_CXXCPP='c++ -E'
ac_cv_prog_ac_ct_AR=ar
ac_cv_prog_ac_ct_CC=gcc
ac_cv_prog_ac_ct_CXX=c++
ac_cv_prog_ac_ct_DSYMUTIL=dsymutil
ac_cv_prog_ac_ct_NMEDIT=nmedit
ac_cv_prog_ac_ct_RANLIB=ranlib
ac_cv_prog_ac_ct_STRIP=strip
ac_cv_prog_cc_c89=
ac_cv_prog_cc_g=yes
ac_cv_prog_cxx_g=yes
ac_cv_prog_f77_g=no
ac_cv_prog_fc_g=no
ac_cv_prog_make_make_set=yes
ac_cv_target=i386-apple-darwin12.3.0
am_cv_CC_dependencies_compiler_type=gcc3
am_cv_CXX_dependencies_compiler_type=gcc3
lt_cv_apple_cc_single_mod=yes
lt_cv_deplibs_check_method=pass_all
lt_cv_file_magic_cmd='$MAGIC_CMD'
lt_cv_file_magic_test_file=
lt_cv_ld_exported_symbols_list=yes
lt_cv_ld_reload_flag=-r
lt_cv_objdir=.libs
lt_cv_path_LD=/usr/llvm-gcc-4.2/libexec/gcc/i686-apple-darwin11/4.2.1/ld
lt_cv_path_LDCXX=/usr/llvm-gcc-4.2/libexec/gcc/i686-apple-darwin11/4.2.1/ld
lt_cv_path_NM=/usr/bin/nm
lt_cv_path_SED=/usr/bin/sed
lt_cv_prog_compiler_c_o=yes
lt_cv_prog_compiler_c_o_CXX=yes
lt_cv_prog_compiler_pic_works=yes
lt_cv_prog_compiler_pic_works_CXX=yes
lt_cv_prog_compiler_rtti_exceptions=no
lt_cv_prog_compiler_static_works=no
lt_cv_prog_compiler_static_works_CXX=no
lt_cv_prog_gnu_ld=no
lt_cv_prog_gnu_ldcxx=no
lt_cv_sys_global_symbol_pipe='sed -n -e '\''s/^.*[ 	]\([BCDEGRST][BCDEGRST]*\)[ 	][ 	]*_\([_A-Za-z][_A-Za-z0-9]*\)$/\1 _\2 \2/p'\'''
lt_cv_sys_global_symbol_to_c_name_address='sed -n -e '\''s/^: \([^ ]*\) $/  {\"\1\", (lt_ptr) 0},/p'\'' -e '\''s/^[BCDEGRST] \([^ ]*\) \([^ ]*\)$/  {"\2", (lt_ptr) \&\2},/p'\'''
lt_cv_sys_global_symbol_to_cdecl='sed -n -e '\''s/^. .* \(.*\)$/extern int \1;/p'\'''
lt_cv_sys_lib_dlsearch_path_spec='/usr/local/lib /lib /usr/lib'
lt_cv_sys_lib_search_path_spec='/usr/llvm-gcc-4.2/lib/gcc/i686-apple-darwin11/4.2.1/x86_64 /Applications/Xcode.app/Contents/Developer/usr/llvm-gcc-4.2/lib/gcc/i686-apple-darwin11/4.2.1/x86_64 /usr/lib /usr/llvm-gcc-4.2/lib/gcc /usr/llvm-gcc-4.2/lib /Applications/Xcode.app/Contents/Developer/usr/llvm-gcc-4.2/lib /usr/local/lib'
lt_cv_sys_max_cmd_len=196608
lt_lt_cv_prog_compiler_c_o='"yes"'
lt_lt_cv_prog_compiler_c_o_CXX='"yes"'
lt_lt_cv_sys_global_symbol_pipe='"sed -n -e '\''s/^.*[ 	]\\([BCDEGRST][BCDEGRST]*\\)[ 	][ 	]*_\\([_A-Za-z][_A-Za-z0-9]*\\)\$/\\1 _\\2 \\2/p'\''"'
lt_lt_cv_sys_global_symbol_to_c_name_address='"sed -n -e '\''s/^: \\([^ ]*\\) \$/  {\\\"\\1\\\", (lt_ptr) 0},/p'\'' -e '\''s/^[BCDEGRST] \\([^ ]*\\) \\([^ ]*\\)\$/  {\"\\2\", (lt_ptr) \\&\\2},/p'\''"'
lt_lt_cv_sys_global_symbol_to_cdecl='"sed -n -e '\''s/^. .* \\(.*\\)\$/extern int \\1;/p'\''"'

## ----------------- ##
## Output variables. ##
## ----------------- ##

ACLOCAL='${SHELL} /Users/phil/Documents/development/houdini/hot-master/3rdparty/src/blitz/config/missing --run aclocal-1.9'
AMDEPBACKSLASH='\'
AMDEP_FALSE='#'
AMDEP_TRUE=''
AMTAR='${SHELL} /Users/phil/Documents/development/houdini/hot-master/3rdparty/src/blitz/config/missing --run tar'
AR='ar'
AR_FLAGS='-cru'
AUTOCONF='${SHELL} /Users/phil/Documents/development/houdini/hot-master/3rdparty/src/blitz/config/missing --run autoconf'
AUTOHEADER='${SHELL} /Users/phil/Documents/development/houdini/hot-master/3rdparty/src/blitz/config/missing --run autoheader'
AUTOMAKE='${SHELL} /Users/phil/Documents/development/houdini/hot-master/3rdparty/src/blitz/config/missing --run automake-1.9'
AWK='awk'
BLASLIB='-lblas'
CC='gcc'
CCDEPMODE='depmode=gcc3'
CFLAGS='-g -O2'
COMPILER_SPECIFIC_HEADER='gnu/bzconfig.h'
CPP='gcc -E'
CPPFLAGS=''
CXX='c++'
CXXCPP='c++ -E'
CXXDEPMODE='depmode=gcc3'
CXXFCFLAG=''
CXXFFLAGS='-DBZ_FORTRAN_SYMBOLS_CAPS'
CXXFLAGS=''
CXX_DEBUG_FLAGS='-g -DBZ_DEBUG'
CXX_LIBS=''
CXX_OPTIMIZE_FLAGS='-O3 -funroll-loops -fstrict-aliasing -fomit-frame-pointer -ffast-math -DUSE_LIBBLAS -DUSE_LIBBLAS -DUSE_LIBBLAS'
CXX_PROFIL_FLAGS='-pg'
CYGPATH_W='echo'
DATE='Tue Mar  5 19:40:21 EST 2013'
DEFS='-DHAVE_CONFIG_H'
DEPDIR='.deps'
DOT=''
DOXYGEN=''
DOXYGEN_DOC_FALSE=''
DOXYGEN_DOC_TRUE='#'
DSYMUTIL='dsymutil'
ECHO='/bin/echo'
ECHO_C='ECHO_N=''
ECHO_T=''
EGREP='/usr/bin/grep -E'
EXEEXT=''
F77=''
F77_OPTIMIZE_FLAGS=''
F90_COMPILER_FALSE=''
F90_COMPILER_TRUE='#'
FC=''
FCFLAGS=''
FCFLAGS_f90=''
FCLIBS=''
FC_OPTIMIZE_FLAGS=''
FFLAGS=''
FLIBS=''
FORTRAN_ENABLED_FALSE='#'
FORTRAN_ENABLED_TRUE=''
GREP='/usr/bin/grep'
INSTALL_DATA='${INSTALL} -m 644'
INSTALL_PROGRAM='${INSTALL}'
INSTALL_SCRIPT='${INSTALL}'
INSTALL_STRIP_PROGRAM='${SHELL} $(install_sh) -c -s'
LDFLAGS=''
LIBOBJS=''
LIBS=''
LIBTOOL='$(SHELL) $(top_builddir)/libtool'
LN_S='ln -s'
LTLIBOBJS=''
MAINT='#'
MAINTAINER_MODE_FALSE=''
MAINTAINER_MODE_TRUE='#'
MAKEINFO='${SHELL} /Users/phil/Documents/development/houdini/hot-master/3rdparty/src/blitz/config/missing --run makeinfo'
NMEDIT='nmedit'
OBJEXT='o'
OS='Darwin sierra.local 12.3.0 Darwin Kernel Version 12.3.0: Sun Jan  6 22:37:10 PST 2013; root:xnu-2050.22.13~1/RELEASE_X86_64 x86_64'
PACKAGE='blitz'
PACKAGE_BUGREPORT='blitz-bugs@oonumerics.org'
PACKAGE_NAME='blitz'
PACKAGE_STRING='blitz 0.9'
PACKAGE_TARNAME='blitz'
PACKAGE_VERSION='0.9'
PATH_SEPARATOR=':'
RANLIB='ranlib'
SED='/usr/bin/sed'
SET_MAKE=''
SHELL='/bin/sh'
STRIP='strip'
TEXI2HTML=''
TEXI2HTML_DOC_FALSE=''
TEXI2HTML_DOC_TRUE='#'
VERSION='0.9'
ac_ct_CC='gcc'
ac_ct_CXX='c++'
ac_ct_F77=''
ac_ct_FC=''
am__fastdepCC_FALSE='#'
am__fastdepCC_TRUE=''
am__fastdepCXX_FALSE='#'
am__fastdepCXX_TRUE=''
am__include='include'
am__leading_dot='.'
am__quote=''
am__tar='${AMTAR} chof - "$$tardir"'
am__untar='${AMTAR} xf -'
bindir='${exec_prefix}/bin'
build='i386-apple-darwin12.3.0'
build_alias=''
build_cpu='i386'
build_os='darwin12.3.0'
build_vendor='apple'
datadir='${datarootdir}'
datarootdir='${prefix}/share'
docdir='${datarootdir}/doc/${PACKAGE_TARNAME}'
dvidir='${docdir}'
enable_dot='no'
enable_html_docs='yes'
enable_latex_docs='no'
exec_prefix='${prefix}'
host='i386-apple-darwin12.3.0'
host_alias=''
host_cpu='i386'
host_os='darwin12.3.0'
host_vendor='apple'
htmldir='${docdir}'
includedir='${prefix}/include'
infodir='${datarootdir}/info'
install_sh='/Users/phil/Documents/development/houdini/hot-master/3rdparty/src/blitz/config/install-sh'
libdir='${exec_prefix}/lib'
libexecdir='${exec_prefix}/libexec'
localedir='${datarootdir}/locale'
localstatedir='${prefix}/var'
mandir='${datarootdir}/man'
mkdir_p='$(install_sh) -d'
oldincludedir='/usr/include'
pdfdir='${docdir}'
pkgconfig_libdir='${libdir}/pkgconfig'
pkgconfig_libfile='blitz.pc'
prefix='/usr/local'
program_transform_name='s,x,x,'
psdir='${docdir}'
sbindir='${exec_prefix}/sbin'
sharedstatedir='${prefix}/com'
sysconfdir='${prefix}/etc'
target='i386-apple-darwin12.3.0'
target_alias=''
target_cpu='i386'
target_os='darwin12.3.0'
target_vendor='apple'

## ----------- ##
## confdefs.h. ##
## ----------- ##

#define PACKAGE_NAME "blitz"
#define PACKAGE_TARNAME "blitz"
#define PACKAGE_VERSION "0.9"
#define PACKAGE_STRING "blitz 0.9"
#define PACKAGE_BUGREPORT "blitz-bugs@oonumerics.org"
#define PACKAGE "blitz"
#define VERSION "0.9"
#define STDC_HEADERS 1
#define HAVE_SYS_TYPES_H 1
#define HAVE_SYS_STAT_H 1
#define HAVE_STDLIB_H 1
#define HAVE_STRING_H 1
#define HAVE_MEMORY_H 1
#define HAVE_STRINGS_H 1
#define HAVE_INTTYPES_H 1
#define HAVE_STDINT_H 1
#define HAVE_UNISTD_H 1
#define HAVE_DLFCN_H 1
#define _compiler_name "c++"
#define _compiler_options ""
#define _os_name "Darwin sierra.local 12.3.0 Darwin Kernel Version 12.3.0: Sun Jan  6 22:37:10 PST 2013; root:xnu-2050.22.13~1/RELEASE_X86_64 x86_64"
#define _config_date "Tue Mar  5 19:40:21 EST 2013"
#define _platform "i386-apple-darwin12.3.0"
#define HAVE_NAMESPACES
#define HAVE_EXCEPTIONS
#define HAVE_RTTI
#define HAVE_MEMBER_CONSTANTS
#define HAVE_EXPLICIT
#define HAVE_MUTABLE
#define HAVE_TYPENAME
#define HAVE_NCEG_RESTRICT_EGCS
#define HAVE_BOOL
#define HAVE_CONST_CAST
#define HAVE_STATIC_CAST
#define HAVE_REINTERPRET_CAST
#define HAVE_DYNAMIC_CAST
#define HAVE_TEMPLATES
#define HAVE_PARTIAL_SPECIALIZATION
#define HAVE_PARTIAL_ORDERING
#define HAVE_DEFAULT_TEMPLATE_PARAMETERS
#define HAVE_MEMBER_TEMPLATES
#define HAVE_MEMBER_TEMPLATES_OUTSIDE_CLASS
#define HAVE_FULL_SPECIALIZATION_SYNTAX
#define HAVE_FUNCTION_NONTYPE_PARAMETERS
#define HAVE_TEMPLATE_QUALIFIED_BASE_CLASS
#define HAVE_TEMPLATE_QUALIFIED_RETURN_TYPE
#define HAVE_EXPLICIT_TEMPLATE_FUNCTION_QUALIFICATION
#define HAVE_TEMPLATES_AS_TEMPLATE_ARGUMENTS
#define HAVE_TEMPLATE_KEYWORD_QUALIFIER
#define HAVE_TEMPLATE_SCOPED_ARGUMENT_MATCHING
#define HAVE_TYPE_PROMOTION
#define HAVE_USE_NUMTRAIT
#define HAVE_ENUM_COMPUTATIONS
#define HAVE_ENUM_COMPUTATIONS_WITH_CAST
#define HAVE_COMPLEX
#define HAVE_COMPLEX_FCNS
#define HAVE_CSTRING 1
#define HAVE_NUMERIC_LIMITS
#define HAVE_CLIMITS
#define HAVE_VALARRAY
#define HAVE_COMPLEX_MATH1
#define HAVE_IEEE_MATH
#define MATH_FN_IN_NAMESPACE_STD
#define MATH_ABSINT_IN_NAMESPACE_STD
#define HAVE_COMPLEX_MATH_IN_NAMESPACE_STD
#define ISNAN_IN_NAMESPACE_STD
#define HAVE_STD
#define HAVE_STL
#define HAVE_RUSAGE

configure: exit 0
